INFO  [main] 2025-10-21 13:02:25,197 YamlConfigurationLoader.java:104 - Configuration location: file:/etc/cassandra/cassandra.yaml
INFO  [main] 2025-10-21 13:02:25,995 Config.java:1248 - Node configuration:[allocate_tokens_for_keyspace=null; allocate_tokens_for_local_replication_factor=3; allow_extra_insecure_udfs=false; allow_filtering_enabled=true; allow_insecure_udfs=false; audit_logging_options=AuditLogOptions{enabled=false, logger='BinAuditLogger', included_keyspaces='', excluded_keyspaces='system,system_schema,system_virtual_schema', included_categories='', excluded_categories='', included_users='', excluded_users='', audit_logs_dir='/opt/cassandra/logs/audit', archive_command='', roll_cycle='HOURLY', block=true, max_queue_weight=268435456, max_log_size=17179869184, max_archive_retries=10}; auth_cache_warming_enabled=false; auth_read_consistency_level=LOCAL_QUORUM; auth_write_consistency_level=EACH_QUORUM; authenticator=AllowAllAuthenticator; authorizer=AllowAllAuthorizer; auto_bootstrap=true; auto_hints_cleanup_enabled=false; auto_optimise_full_repair_streams=false; auto_optimise_inc_repair_streams=false; auto_optimise_preview_repair_streams=false; auto_snapshot=true; auto_snapshot_ttl=null; autocompaction_on_startup_enabled=true; automatic_sstable_upgrade=false; available_processors=-1; back_pressure_enabled=false; back_pressure_strategy=null; batch_size_fail_threshold=50KiB; batch_size_warn_threshold=5KiB; batchlog_endpoint_strategy=random_remote; batchlog_replay_throttle=1024KiB; block_for_peers_in_remote_dcs=false; block_for_peers_timeout_in_secs=10; broadcast_address=172.19.0.5; broadcast_rpc_address=172.19.0.5; buffer_pool_use_heap_if_exhausted=false; cache_load_timeout=30s; cas_contention_timeout=1000ms; cdc_block_writes=true; cdc_enabled=false; cdc_free_space_check_interval=250ms; cdc_raw_directory=null; cdc_total_space=0MiB; check_for_duplicate_rows_during_compaction=true; check_for_duplicate_rows_during_reads=true; client_encryption_options=<REDACTED>; client_error_reporting_exclusions=SubnetGroups{subnets=[]}; cluster_name=TheHive; collection_size_fail_threshold=null; collection_size_warn_threshold=null; column_index_cache_size=2KiB; column_index_size=64KiB; columns_per_table_fail_threshold=-1; columns_per_table_warn_threshold=-1; commit_failure_policy=stop; commitlog_compression=null; commitlog_directory=null; commitlog_max_compression_buffers_in_pool=3; commitlog_periodic_queue_size=-1; commitlog_segment_size=32MiB; commitlog_sync=periodic; commitlog_sync_batch_window_in_ms=NaN; commitlog_sync_group_window=0ms; commitlog_sync_period=10000ms; commitlog_total_space=null; compact_tables_enabled=true; compaction_large_partition_warning_threshold=100MiB; compaction_throughput=64MiB/s; compaction_tombstone_warning_threshold=100000; concurrent_compactors=null; concurrent_counter_writes=32; concurrent_materialized_view_builders=1; concurrent_materialized_view_writes=32; concurrent_merkle_tree_requests=0; concurrent_reads=32; concurrent_replicates=null; concurrent_validations=0; concurrent_writes=32; consecutive_message_errors_threshold=1; coordinator_read_size_fail_threshold=null; coordinator_read_size_warn_threshold=null; corrupted_tombstone_strategy=disabled; counter_cache_keys_to_save=2147483647; counter_cache_save_period=7200s; counter_cache_size=null; counter_write_request_timeout=5000ms; cql_start_time=REQUEST; credentials_cache_active_update=false; credentials_cache_max_entries=1000; credentials_update_interval=null; credentials_validity=2000ms; data_disk_usage_max_disk_size=null; data_disk_usage_percentage_fail_threshold=-1; data_disk_usage_percentage_warn_threshold=-1; data_file_directories=[Ljava.lang.String;@43aaf813; default_keyspace_rf=1; denylist_consistency_level=QUORUM; denylist_initial_load_retry=5s; denylist_max_keys_per_table=1000; denylist_max_keys_total=10000; denylist_range_reads_enabled=true; denylist_reads_enabled=true; denylist_refresh=600s; denylist_writes_enabled=true; diagnostic_events_enabled=false; disk_access_mode=auto; disk_failure_policy=stop; disk_optimization_estimate_percentile=0.95; disk_optimization_page_cross_chance=0.1; disk_optimization_strategy=ssd; drop_compact_storage_enabled=false; drop_truncate_table_enabled=true; dynamic_snitch=true; dynamic_snitch_badness_threshold=1.0; dynamic_snitch_reset_interval=600000ms; dynamic_snitch_update_interval=100ms; endpoint_snitch=SimpleSnitch; enforce_native_deadline_for_hints=false; entire_sstable_inter_dc_stream_throughput_outbound=24MiB/s; entire_sstable_stream_throughput_outbound=24MiB/s; failure_detector=FailureDetector; fields_per_udt_fail_threshold=-1; fields_per_udt_warn_threshold=-1; file_cache_enabled=false; file_cache_round_up=null; file_cache_size=null; flush_compression=fast; force_new_prepared_statement_behaviour=false; full_query_logging_options=FullQueryLoggerOptions{log_dir='', archive_command='', roll_cycle='HOURLY', block=true, max_queue_weight=268435456, max_log_size=17179869184}; gc_log_threshold=200ms; gc_warn_threshold=1s; group_by_enabled=true; hint_window_persistent_enabled=true; hinted_handoff_disabled_datacenters=[]; hinted_handoff_enabled=true; hinted_handoff_throttle=1024KiB; hints_compression=null; hints_directory=null; hints_flush_period=10000ms; ideal_consistency_level=null; in_select_cartesian_product_fail_threshold=-1; in_select_cartesian_product_warn_threshold=-1; incremental_backups=false; index_summary_capacity=null; index_summary_resize_interval=60m; initial_range_tombstone_list_allocation_size=1; initial_token=null; inter_dc_stream_throughput_outbound=24MiB/s; inter_dc_tcp_nodelay=false; internode_application_receive_queue_capacity=4MiB; internode_application_receive_queue_reserve_endpoint_capacity=128MiB; internode_application_receive_queue_reserve_global_capacity=512MiB; internode_application_send_queue_capacity=4MiB; internode_application_send_queue_reserve_endpoint_capacity=128MiB; internode_application_send_queue_reserve_global_capacity=512MiB; internode_authenticator=null; internode_compression=dc; internode_error_reporting_exclusions=SubnetGroups{subnets=[]}; internode_max_message_size=null; internode_socket_receive_buffer_size=0B; internode_socket_send_buffer_size=0B; internode_streaming_tcp_user_timeout=300s; internode_tcp_connect_timeout=2s; internode_tcp_user_timeout=30s; internode_timeout=true; items_per_collection_fail_threshold=-1; items_per_collection_warn_threshold=-1; key_cache_keys_to_save=2147483647; key_cache_migrate_during_compaction=true; key_cache_save_period=4h; key_cache_size=null; keyspace_count_warn_threshold=40; keyspaces_fail_threshold=-1; keyspaces_warn_threshold=-1; listen_address=172.19.0.5; listen_interface=null; listen_interface_prefer_ipv6=false; listen_on_broadcast_address=false; local_read_size_fail_threshold=null; local_read_size_warn_threshold=null; local_system_data_file_directory=null; log_out_of_token_range_requests=true; materialized_views_enabled=false; materialized_views_per_table_fail_threshold=-1; materialized_views_per_table_warn_threshold=-1; max_concurrent_automatic_sstable_upgrades=1; max_hint_window=3h; max_hints_delivery_threads=2; max_hints_file_size=128MiB; max_hints_size_per_host=0B; max_mutation_size=null; max_streaming_retries=3; max_top_size_partition_count=10; max_top_tombstone_partition_count=10; max_value_size=256MiB; memtable=null; memtable_allocation_type=heap_buffers; memtable_cleanup_threshold=null; memtable_flush_writers=0; memtable_heap_space=null; memtable_offheap_space=null; min_free_space_per_drive=50MiB; min_tracked_partition_size=1MiB; min_tracked_partition_tombstone_count=5000; minimum_replication_factor_fail_threshold=-1; minimum_replication_factor_warn_threshold=-1; native_transport_allow_older_protocols=true; native_transport_flush_in_batches_legacy=false; native_transport_idle_timeout=0ms; native_transport_max_auth_threads=0; native_transport_max_backoff_on_queue_overload=200ms; native_transport_max_concurrent_connections=-1; native_transport_max_concurrent_connections_per_ip=-1; native_transport_max_frame_size=16MiB; native_transport_max_message_size=null; native_transport_max_negotiable_protocol_version=null; native_transport_max_request_data_in_flight=null; native_transport_max_request_data_in_flight_per_ip=null; native_transport_max_requests_per_second=1000000; native_transport_max_threads=128; native_transport_min_backoff_on_queue_overload=10ms; native_transport_port=9042; native_transport_port_ssl=null; native_transport_queue_max_item_age_threshold=1.7976931348623157E308; native_transport_rate_limiting_enabled=false; native_transport_receive_queue_capacity=1MiB; native_transport_throw_on_overload=false; native_transport_timeout=12000ms; network_authorizer=AllowAllNetworkAuthorizer; networking_cache_size=null; num_tokens=4; otc_backlog_expiration_interval_ms=200; otc_coalescing_enough_coalesced_messages=8; otc_coalescing_strategy=DISABLED; otc_coalescing_window_us=200; page_size_fail_threshold=-1; page_size_warn_threshold=-1; partition_denylist_enabled=false; partition_keys_in_select_fail_threshold=-1; partition_keys_in_select_warn_threshold=-1; partitioner=org.apache.cassandra.dht.Murmur3Partitioner; paxos_cache_size=null; paxos_contention_max_wait=null; paxos_contention_min_delta=null; paxos_contention_min_wait=null; paxos_contention_wait_randomizer=null; paxos_on_linearizability_violations=ignore; paxos_purge_grace_period=60s; paxos_repair_enabled=true; paxos_repair_parallelism=-1; paxos_state_purging=null; paxos_topology_repair_no_dc_checks=false; paxos_topology_repair_strict_each_quorum=false; paxos_variant=v1; periodic_commitlog_sync_lag_block=null; permissions_cache_active_update=false; permissions_cache_max_entries=1000; permissions_update_interval=null; permissions_validity=2000ms; phi_convict_threshold=8.0; prepared_statements_cache_size=null; range_request_timeout=10000ms; range_tombstone_list_growth_factor=1.5; read_before_write_list_operations_enabled=true; read_consistency_levels_disallowed=[]; read_consistency_levels_warned=[]; read_request_timeout=5000ms; read_thresholds_enabled=false; reject_out_of_token_range_requests=true; reject_repair_compaction_threshold=2147483647; repair_command_pool_full_strategy=queue; repair_command_pool_size=0; repair_request_timeout=120000ms; repair_session_max_tree_depth=null; repair_session_space=null; repair_state_expires=3d; repair_state_size=100000; repaired_data_tracking_for_partition_reads_enabled=false; repaired_data_tracking_for_range_reads_enabled=false; report_unconfirmed_repaired_data_mismatches=false; request_timeout=10000ms; role_manager=CassandraRoleManager; roles_cache_active_update=false; roles_cache_max_entries=1000; roles_update_interval=null; roles_validity=2000ms; row_cache_class_name=org.apache.cassandra.cache.OHCProvider; row_cache_keys_to_save=2147483647; row_cache_save_period=0s; row_cache_size=0MiB; row_index_read_size_fail_threshold=null; row_index_read_size_warn_threshold=null; rpc_address=0.0.0.0; rpc_interface=null; rpc_interface_prefer_ipv6=false; rpc_keepalive=true; sasi_indexes_enabled=false; saved_caches_directory=null; scripted_user_defined_functions_enabled=false; secondary_indexes_enabled=true; secondary_indexes_per_table_fail_threshold=-1; secondary_indexes_per_table_warn_threshold=-1; seed_provider=org.apache.cassandra.locator.SimpleSeedProvider{seeds=172.19.0.5}; server_encryption_options=<REDACTED>; skip_paxos_repair_on_topology_change=false; skip_paxos_repair_on_topology_change_keyspaces=[]; slow_query_log_timeout=500ms; snapshot_before_compaction=false; snapshot_links_per_second=0; snapshot_on_duplicate_row_detection=false; snapshot_on_repaired_data_mismatch=false; ssl_storage_port=7001; sstable_preemptive_open_interval=50MiB; start_native_transport=true; startup_checks={}; storage_port=7000; stream_entire_sstables=true; stream_throughput_outbound=24MiB/s; streaming_connections_per_host=1; streaming_keep_alive_period=300s; streaming_slow_events_log_timeout=10s; streaming_state_expires=3d; streaming_state_size=40MiB; streaming_stats_enabled=true; table_count_warn_threshold=150; table_properties_disallowed=[]; table_properties_ignored=[]; table_properties_warned=[]; tables_fail_threshold=-1; tables_warn_threshold=-1; tombstone_failure_threshold=100000; tombstone_warn_threshold=1000; top_partitions_enabled=true; trace_type_query_ttl=1d; trace_type_repair_ttl=7d; transfer_hints_on_decommission=true; transient_replication_enabled=false; transparent_data_encryption_options=org.apache.cassandra.config.TransparentDataEncryptionOptions@57ac5227; traverse_auth_from_root=false; trickle_fsync=false; trickle_fsync_interval=10240KiB; truncate_request_timeout=60000ms; uncompressed_tables_enabled=true; unlogged_batch_across_partitions_warn_threshold=10; use_creation_time_for_hint_ttl=true; use_deterministic_table_id=false; use_offheap_merkle_trees=true; use_statements_enabled=true; user_defined_functions_enabled=false; user_defined_functions_fail_timeout=1500ms; user_defined_functions_threads_enabled=true; user_defined_functions_warn_timeout=500ms; user_function_timeout_policy=die; user_timestamps_enabled=true; uuid_sstable_identifiers_enabled=false; validation_preview_purge_head_start=3600s; windows_timer_interval=0; write_consistency_levels_disallowed=[]; write_consistency_levels_warned=[]; write_request_timeout=2000ms]
INFO  [main] 2025-10-21 13:02:25,997 DatabaseDescriptor.java:463 - DiskAccessMode 'auto' determined to be mmap, indexAccessMode is mmap
INFO  [main] 2025-10-21 13:02:25,998 DatabaseDescriptor.java:517 - Global memtable on-heap threshold is enabled at 755MiB
INFO  [main] 2025-10-21 13:02:25,998 DatabaseDescriptor.java:521 - Global memtable off-heap threshold is enabled at 755MiB
INFO  [main] 2025-10-21 13:02:25,998 DatabaseDescriptor.java:588 - Native transport rate-limiting disabled.
INFO  [main] 2025-10-21 13:02:27,109 JMXServerUtils.java:289 - Configured JMX server at: service:jmx:rmi://127.0.0.1/jndi/rmi://127.0.0.1:7199/jmxrmi
INFO  [main] 2025-10-21 13:02:27,119 CassandraDaemon.java:618 - Hostname: cassandra:7000:7001
INFO  [main] 2025-10-21 13:02:27,122 CassandraDaemon.java:625 - JVM vendor/version: OpenJDK 64-Bit Server VM/11.0.27
INFO  [main] 2025-10-21 13:02:27,124 CassandraDaemon.java:626 - Heap size: 2.950GiB/2.950GiB
INFO  [main] 2025-10-21 13:02:27,128 CassandraDaemon.java:631 - CodeHeap 'non-nmethods' Non-heap memory: init = 2555904(2496K) used = 1321600(1290K) committed = 2555904(2496K) max = 5836800(5700K)
INFO  [main] 2025-10-21 13:02:27,152 CassandraDaemon.java:631 - Metaspace Non-heap memory: init = 0(0K) used = 23735848(23179K) committed = 24449024(23876K) max = -1(-1K)
INFO  [main] 2025-10-21 13:02:27,153 CassandraDaemon.java:631 - CodeHeap 'profiled nmethods' Non-heap memory: init = 2555904(2496K) used = 4748928(4637K) committed = 4784128(4672K) max = 122908672(120028K)
INFO  [main] 2025-10-21 13:02:27,153 CassandraDaemon.java:631 - Compressed Class Space Non-heap memory: init = 0(0K) used = 2753480(2688K) committed = 3014656(2944K) max = 1073741824(1048576K)
INFO  [main] 2025-10-21 13:02:27,154 CassandraDaemon.java:631 - Par Eden Space Heap memory: init = 429522944(419456K) used = 223388168(218152K) committed = 429522944(419456K) max = 429522944(419456K)
INFO  [main] 2025-10-21 13:02:27,154 CassandraDaemon.java:631 - Par Survivor Space Heap memory: init = 53673984(52416K) used = 0(0K) committed = 53673984(52416K) max = 53673984(52416K)
INFO  [main] 2025-10-21 13:02:27,154 CassandraDaemon.java:631 - CodeHeap 'non-profiled nmethods' Non-heap memory: init = 2555904(2496K) used = 990464(967K) committed = 2555904(2496K) max = 122912768(120032K)
INFO  [main] 2025-10-21 13:02:27,155 CassandraDaemon.java:631 - CMS Old Gen Heap memory: init = 2684354560(2621440K) used = 0(0K) committed = 2684354560(2621440K) max = 2684354560(2621440K)
INFO  [main] 2025-10-21 13:02:27,156 CassandraDaemon.java:633 - Classpath: /etc/cassandra:/opt/cassandra/lib/HdrHistogram-2.1.12.jar:/opt/cassandra/lib/ST4-4.0.8.jar:/opt/cassandra/lib/airline-0.8.jar:/opt/cassandra/lib/antlr-runtime-3.5.2.jar:/opt/cassandra/lib/apache-cassandra-4.1.8.jar:/opt/cassandra/lib/asm-9.1.jar:/opt/cassandra/lib/caffeine-2.9.2.jar:/opt/cassandra/lib/cassandra-driver-core-3.11.0-shaded.jar:/opt/cassandra/lib/checker-qual-3.10.0.jar:/opt/cassandra/lib/chronicle-bytes-2.20.111.jar:/opt/cassandra/lib/chronicle-core-2.20.126.jar:/opt/cassandra/lib/chronicle-queue-5.20.123.jar:/opt/cassandra/lib/chronicle-threads-2.20.111.jar:/opt/cassandra/lib/chronicle-wire-2.20.117.jar:/opt/cassandra/lib/commons-cli-1.1.jar:/opt/cassandra/lib/commons-codec-1.9.jar:/opt/cassandra/lib/commons-lang3-3.11.jar:/opt/cassandra/lib/commons-math3-3.2.jar:/opt/cassandra/lib/concurrent-trees-2.4.0.jar:/opt/cassandra/lib/ecj-4.6.1.jar:/opt/cassandra/lib/error_prone_annotations-2.5.1.jar:/opt/cassandra/lib/guava-27.0-jre.jar:/opt/cassandra/lib/high-scale-lib-1.0.6.jar:/opt/cassandra/lib/hppc-0.8.1.jar:/opt/cassandra/lib/ipaddress-5.3.3.jar:/opt/cassandra/lib/j2objc-annotations-1.3.jar:/opt/cassandra/lib/jackson-annotations-2.13.2.jar:/opt/cassandra/lib/jackson-core-2.13.2.jar:/opt/cassandra/lib/jackson-databind-2.13.2.2.jar:/opt/cassandra/lib/jackson-datatype-jsr310-2.13.2.jar:/opt/cassandra/lib/jamm-0.3.2.jar:/opt/cassandra/lib/javax.inject-1.jar:/opt/cassandra/lib/jbcrypt-0.4.jar:/opt/cassandra/lib/jcl-over-slf4j-1.7.25.jar:/opt/cassandra/lib/jcommander-1.30.jar:/opt/cassandra/lib/jctools-core-3.1.0.jar:/opt/cassandra/lib/jna-5.9.0.jar:/opt/cassandra/lib/json-simple-1.1.jar:/opt/cassandra/lib/jsr305-2.0.2.jar:/opt/cassandra/lib/jvm-attach-api-1.5.jar:/opt/cassandra/lib/log4j-over-slf4j-1.7.25.jar:/opt/cassandra/lib/logback-classic-1.2.9.jar:/opt/cassandra/lib/logback-core-1.2.9.jar:/opt/cassandra/lib/lz4-java-1.8.0.jar:/opt/cassandra/lib/metrics-core-3.1.5.jar:/opt/cassandra/lib/metrics-jvm-3.1.5.jar:/opt/cassandra/lib/metrics-logback-3.1.5.jar:/opt/cassandra/lib/mxdump-0.14.jar:/opt/cassandra/lib/netty-all-4.1.58.Final.jar:/opt/cassandra/lib/netty-tcnative-boringssl-static-2.0.36.Final.jar:/opt/cassandra/lib/ohc-core-0.5.1.jar:/opt/cassandra/lib/ohc-core-j8-0.5.1.jar:/opt/cassandra/lib/psjava-0.1.19.jar:/opt/cassandra/lib/reporter-config-base-3.0.3.jar:/opt/cassandra/lib/reporter-config3-3.0.3.jar:/opt/cassandra/lib/sigar-1.6.4.jar:/opt/cassandra/lib/sjk-cli-0.14.jar:/opt/cassandra/lib/sjk-core-0.14.jar:/opt/cassandra/lib/sjk-json-0.14.jar:/opt/cassandra/lib/sjk-stacktrace-0.14.jar:/opt/cassandra/lib/slf4j-api-1.7.25.jar:/opt/cassandra/lib/snakeyaml-1.26.jar:/opt/cassandra/lib/snappy-java-1.1.10.4.jar:/opt/cassandra/lib/snowball-stemmer-1.3.0.581.1.jar:/opt/cassandra/lib/stream-2.5.2.jar:/opt/cassandra/lib/zstd-jni-1.5.5-1.jar:/opt/cassandra/lib/jsr223/*/*.jar:
INFO  [main] 2025-10-21 13:02:27,156 CassandraDaemon.java:635 - JVM Arguments: [-ea, -da:net.openhft..., -XX:+UseThreadPriorities, -XX:+HeapDumpOnOutOfMemoryError, -Xss256k, -XX:+AlwaysPreTouch, -XX:-UseBiasedLocking, -XX:+UseTLAB, -XX:+ResizeTLAB, -XX:+UseNUMA, -XX:+PerfDisableSharedMem, -Djava.net.preferIPv4Stack=true, -XX:+UseConcMarkSweepGC, -XX:+CMSParallelRemarkEnabled, -XX:SurvivorRatio=8, -XX:MaxTenuringThreshold=1, -XX:CMSInitiatingOccupancyFraction=75, -XX:+UseCMSInitiatingOccupancyOnly, -XX:CMSWaitDuration=10000, -XX:+CMSParallelInitialMarkEnabled, -XX:+CMSEdenChunksRecordAlways, -XX:+CMSClassUnloadingEnabled, -Djdk.attach.allowAttachSelf=true, --add-exports=java.base/jdk.internal.misc=ALL-UNNAMED, --add-exports=java.base/jdk.internal.ref=ALL-UNNAMED, --add-exports=java.base/sun.nio.ch=ALL-UNNAMED, --add-exports=java.management.rmi/com.sun.jmx.remote.internal.rmi=ALL-UNNAMED, --add-exports=java.rmi/sun.rmi.registry=ALL-UNNAMED, --add-exports=java.rmi/sun.rmi.server=ALL-UNNAMED, --add-exports=java.sql/java.sql=ALL-UNNAMED, --add-opens=java.base/java.lang.module=ALL-UNNAMED, --add-opens=java.base/jdk.internal.loader=ALL-UNNAMED, --add-opens=java.base/jdk.internal.ref=ALL-UNNAMED, --add-opens=java.base/jdk.internal.reflect=ALL-UNNAMED, --add-opens=java.base/jdk.internal.math=ALL-UNNAMED, --add-opens=java.base/jdk.internal.module=ALL-UNNAMED, --add-opens=java.base/jdk.internal.util.jar=ALL-UNNAMED, --add-opens=jdk.management/com.sun.management.internal=ALL-UNNAMED, -Dio.netty.tryReflectionSetAccessible=true, -Xlog:gc=info,heap*=trace,age*=debug,safepoint=info,promotion*=trace:file=/opt/cassandra/logs/gc.log:time,uptime,pid,tid,level:filecount=10,filesize=10485760, -Xms3G, -Xmx3G, -Xmn512M, -XX:+UseCondCardMark, -XX:CompileCommandFile=/etc/cassandra/hotspot_compiler, -javaagent:/opt/cassandra/lib/jamm-0.3.2.jar, -Dcassandra.jmx.local.port=7199, -Dcom.sun.management.jmxremote.authenticate=false, -Dcom.sun.management.jmxremote.password.file=/etc/cassandra/jmxremote.password, -Djava.library.path=/opt/cassandra/lib/sigar-bin, -Dcassandra.libjemalloc=/usr/local/lib/libjemalloc.so, -XX:OnOutOfMemoryError=kill -9 %p, -Dlogback.configurationFile=logback.xml, -Dcassandra.logdir=/opt/cassandra/logs, -Dcassandra.storagedir=/opt/cassandra/data, -Dcassandra-foreground=yes]
WARN  [main] 2025-10-21 13:02:27,230 NativeLibrary.java:199 - Unable to lock JVM memory (ENOMEM). This can result in part of the JVM being swapped out, especially with mmapped I/O enabled. Increase RLIMIT_MEMLOCK.
INFO  [ScheduledTasks:1] 2025-10-21 13:02:27,234 StreamManager.java:260 - Storing streaming state for 3d or for 119156 elements
INFO  [main] 2025-10-21 13:02:27,307 MonotonicClock.java:208 - Scheduling approximate time conversion task with an interval of 10000 milliseconds
INFO  [main] 2025-10-21 13:02:27,310 MonotonicClock.java:344 - Scheduling approximate time-check task with a precision of 2 milliseconds
INFO  [main] 2025-10-21 13:02:27,419 StartupChecks.java:203 - jemalloc seems to be preloaded from /usr/local/lib/libjemalloc.so
WARN  [main] 2025-10-21 13:02:27,420 StartupChecks.java:257 - JMX is not enabled to receive remote connections. Please see cassandra-env.sh for more info.
INFO  [main] 2025-10-21 13:02:27,428 SigarLibrary.java:46 - Initializing SIGAR library
WARN  [main] 2025-10-21 13:02:27,454 SigarLibrary.java:172 - Cassandra server running in degraded mode. Is swap disabled? : false,  Address space adequate? : true,  nofile limit adequate? : true, nproc limit adequate? : true 
INFO  [main] 2025-10-21 13:02:29,276 Keyspace.java:394 - Creating replication strategy system params KeyspaceParams{durable_writes=true, replication=ReplicationParams{class=org.apache.cassandra.locator.LocalStrategy}}
INFO  [main] 2025-10-21 13:02:29,328 ColumnFamilyStore.java:484 - Initializing system.IndexInfo
INFO  [main] 2025-10-21 13:02:32,512 SkipListMemtable.java:254 - Estimated SkipListMemtable row overhead: 172
INFO  [main] 2025-10-21 13:02:32,703 ColumnFamilyStore.java:484 - Initializing system.batches
INFO  [main] 2025-10-21 13:02:32,739 ColumnFamilyStore.java:484 - Initializing system.paxos
INFO  [main] 2025-10-21 13:02:32,759 SecondaryIndexManager.java:211 - Index [PaxosUncommittedIndex] registered and writable.
INFO  [SecondaryIndexManagement:1] 2025-10-21 13:02:32,770 SecondaryIndexManager.java:666 - Index [PaxosUncommittedIndex] became queryable after successful build.
INFO  [main] 2025-10-21 13:02:32,794 ColumnFamilyStore.java:484 - Initializing system.paxos_repair_history
INFO  [main] 2025-10-21 13:02:32,819 ColumnFamilyStore.java:484 - Initializing system.local
INFO  [SSTableBatchOpen:1] 2025-10-21 13:02:32,986 BufferPools.java:49 - Global buffer pool limit is 512.000MiB for chunk-cache and 128.000MiB for networking
INFO  [SSTableBatchOpen:1] 2025-10-21 13:02:33,058 SSTableReaderBuilder.java:354 - Opening /var/lib/cassandra/data/system/local-7ad54392bcdd35a684174e047860b377/nb-57-big (0.450KiB)
INFO  [main] 2025-10-21 13:02:33,138 CacheService.java:101 - Initializing key cache with capacity of 100 MiBs.
INFO  [main] 2025-10-21 13:02:33,222 CacheService.java:123 - Initializing row cache with capacity of 0 MiBs
INFO  [main] 2025-10-21 13:02:33,226 CacheService.java:152 - Initializing counter cache with capacity of 50 MiBs
INFO  [main] 2025-10-21 13:02:33,231 CacheService.java:163 - Scheduling counter cache save to every 7200 seconds (going to save all keys).
INFO  [main] 2025-10-21 13:02:33,285 ActiveRepairService.java:235 - Storing repair state for 3d or for 100000 elements
INFO  [main] 2025-10-21 13:02:33,333 ColumnFamilyStore.java:484 - Initializing system.peers_v2
INFO  [main] 2025-10-21 13:02:33,354 ColumnFamilyStore.java:484 - Initializing system.peers
INFO  [main] 2025-10-21 13:02:33,367 ColumnFamilyStore.java:484 - Initializing system.peer_events_v2
INFO  [main] 2025-10-21 13:02:33,401 ColumnFamilyStore.java:484 - Initializing system.peer_events
INFO  [main] 2025-10-21 13:02:33,470 ColumnFamilyStore.java:484 - Initializing system.compaction_history
INFO  [SSTableBatchOpen:1] 2025-10-21 13:02:33,511 SSTableReaderBuilder.java:354 - Opening /var/lib/cassandra/data/system/compaction_history-b4dbb7b4dc493fb5b3bfce6e434832ca/nb-17-big (2.967KiB)
INFO  [SSTableBatchOpen:2] 2025-10-21 13:02:33,511 SSTableReaderBuilder.java:354 - Opening /var/lib/cassandra/data/system/compaction_history-b4dbb7b4dc493fb5b3bfce6e434832ca/nb-18-big (0.508KiB)
INFO  [SSTableBatchOpen:3] 2025-10-21 13:02:33,515 SSTableReaderBuilder.java:354 - Opening /var/lib/cassandra/data/system/compaction_history-b4dbb7b4dc493fb5b3bfce6e434832ca/nb-19-big (0.164KiB)
INFO  [SSTableBatchOpen:4] 2025-10-21 13:02:33,517 SSTableReaderBuilder.java:354 - Opening /var/lib/cassandra/data/system/compaction_history-b4dbb7b4dc493fb5b3bfce6e434832ca/nb-20-big (0.355KiB)
INFO  [main] 2025-10-21 13:02:33,564 ColumnFamilyStore.java:484 - Initializing system.sstable_activity
INFO  [SSTableBatchOpen:3] 2025-10-21 13:02:33,584 SSTableReaderBuilder.java:354 - Opening /var/lib/cassandra/data/system/sstable_activity-5a1ff267ace03f128563cfae6103c65e/nb-23-big (0.686KiB)
INFO  [SSTableBatchOpen:4] 2025-10-21 13:02:33,585 SSTableReaderBuilder.java:354 - Opening /var/lib/cassandra/data/system/sstable_activity-5a1ff267ace03f128563cfae6103c65e/nb-22-big (0.555KiB)
INFO  [SSTableBatchOpen:2] 2025-10-21 13:02:33,583 SSTableReaderBuilder.java:354 - Opening /var/lib/cassandra/data/system/sstable_activity-5a1ff267ace03f128563cfae6103c65e/nb-21-big (0.634KiB)
INFO  [SSTableBatchOpen:1] 2025-10-21 13:02:33,583 SSTableReaderBuilder.java:354 - Opening /var/lib/cassandra/data/system/sstable_activity-5a1ff267ace03f128563cfae6103c65e/nb-24-big (0.913KiB)
INFO  [main] 2025-10-21 13:02:33,680 ColumnFamilyStore.java:484 - Initializing system.sstable_activity_v2
INFO  [SSTableBatchOpen:2] 2025-10-21 13:02:33,703 SSTableReaderBuilder.java:354 - Opening /var/lib/cassandra/data/system/sstable_activity_v2-62efe31f3be8310c8d298963439c1288/nb-24-big (0.900KiB)
INFO  [SSTableBatchOpen:1] 2025-10-21 13:02:33,703 SSTableReaderBuilder.java:354 - Opening /var/lib/cassandra/data/system/sstable_activity_v2-62efe31f3be8310c8d298963439c1288/nb-23-big (0.678KiB)
INFO  [SSTableBatchOpen:3] 2025-10-21 13:02:33,703 SSTableReaderBuilder.java:354 - Opening /var/lib/cassandra/data/system/sstable_activity_v2-62efe31f3be8310c8d298963439c1288/nb-22-big (0.573KiB)
INFO  [SSTableBatchOpen:4] 2025-10-21 13:02:33,706 SSTableReaderBuilder.java:354 - Opening /var/lib/cassandra/data/system/sstable_activity_v2-62efe31f3be8310c8d298963439c1288/nb-21-big (0.655KiB)
INFO  [main] 2025-10-21 13:02:33,758 ColumnFamilyStore.java:484 - Initializing system.size_estimates
INFO  [SSTableBatchOpen:1] 2025-10-21 13:02:33,776 SSTableReaderBuilder.java:354 - Opening /var/lib/cassandra/data/system/size_estimates-618f817b005f3678b8a453f3930b8e86/nb-18-big (1.913KiB)
INFO  [SSTableBatchOpen:2] 2025-10-21 13:02:33,781 SSTableReaderBuilder.java:354 - Opening /var/lib/cassandra/data/system/size_estimates-618f817b005f3678b8a453f3930b8e86/nb-17-big (2.097KiB)
INFO  [main] 2025-10-21 13:02:33,854 ColumnFamilyStore.java:484 - Initializing system.table_estimates
INFO  [SSTableBatchOpen:1] 2025-10-21 13:02:33,889 SSTableReaderBuilder.java:354 - Opening /var/lib/cassandra/data/system/table_estimates-176c39cdb93d33a5a2188eb06a56f66e/nb-18-big (3.782KiB)
INFO  [SSTableBatchOpen:2] 2025-10-21 13:02:33,893 SSTableReaderBuilder.java:354 - Opening /var/lib/cassandra/data/system/table_estimates-176c39cdb93d33a5a2188eb06a56f66e/nb-17-big (4.138KiB)
INFO  [main] 2025-10-21 13:02:33,973 ColumnFamilyStore.java:484 - Initializing system.available_ranges_v2
INFO  [main] 2025-10-21 13:02:34,015 ColumnFamilyStore.java:484 - Initializing system.available_ranges
INFO  [main] 2025-10-21 13:02:34,052 ColumnFamilyStore.java:484 - Initializing system.transferred_ranges_v2
INFO  [main] 2025-10-21 13:02:34,093 ColumnFamilyStore.java:484 - Initializing system.transferred_ranges
INFO  [main] 2025-10-21 13:02:34,168 ColumnFamilyStore.java:484 - Initializing system.view_builds_in_progress
INFO  [main] 2025-10-21 13:02:34,226 ColumnFamilyStore.java:484 - Initializing system.built_views
INFO  [main] 2025-10-21 13:02:34,284 ColumnFamilyStore.java:484 - Initializing system.prepared_statements
INFO  [SSTableBatchOpen:1] 2025-10-21 13:02:34,310 SSTableReaderBuilder.java:354 - Opening /var/lib/cassandra/data/system/prepared_statements-18a9c2576a0c3841ba718cd529849fef/nb-2-big (2.130KiB)
INFO  [main] 2025-10-21 13:02:34,331 ColumnFamilyStore.java:484 - Initializing system.repairs
INFO  [main] 2025-10-21 13:02:34,385 ColumnFamilyStore.java:484 - Initializing system.top_partitions
INFO  [main] 2025-10-21 13:02:34,461 QueryProcessor.java:130 - Initialized prepared statement caches with 11 MiB
INFO  [main] 2025-10-21 13:02:35,031 Keyspace.java:394 - Creating replication strategy system_schema params KeyspaceParams{durable_writes=true, replication=ReplicationParams{class=org.apache.cassandra.locator.LocalStrategy}}
INFO  [main] 2025-10-21 13:02:35,068 ColumnFamilyStore.java:484 - Initializing system_schema.keyspaces
INFO  [SSTableBatchOpen:1] 2025-10-21 13:02:35,104 SSTableReaderBuilder.java:354 - Opening /var/lib/cassandra/data/system_schema/keyspaces-abac5682dea631c5b535b3d6cffd0fb6/nb-29-big (0.283KiB)
INFO  [SSTableBatchOpen:2] 2025-10-21 13:02:35,108 SSTableReaderBuilder.java:354 - Opening /var/lib/cassandra/data/system_schema/keyspaces-abac5682dea631c5b535b3d6cffd0fb6/nb-31-big (0.120KiB)
INFO  [SSTableBatchOpen:3] 2025-10-21 13:02:35,112 SSTableReaderBuilder.java:354 - Opening /var/lib/cassandra/data/system_schema/keyspaces-abac5682dea631c5b535b3d6cffd0fb6/nb-30-big (0.120KiB)
INFO  [main] 2025-10-21 13:02:35,220 ColumnFamilyStore.java:484 - Initializing system_schema.tables
INFO  [SSTableBatchOpen:1] 2025-10-21 13:02:35,256 SSTableReaderBuilder.java:354 - Opening /var/lib/cassandra/data/system_schema/tables-afddfb9dbc1e30688056eed6c302ba09/nb-31-big (2.250KiB)
INFO  [SSTableBatchOpen:2] 2025-10-21 13:02:35,260 SSTableReaderBuilder.java:354 - Opening /var/lib/cassandra/data/system_schema/tables-afddfb9dbc1e30688056eed6c302ba09/nb-29-big (3.848KiB)
INFO  [SSTableBatchOpen:3] 2025-10-21 13:02:35,261 SSTableReaderBuilder.java:354 - Opening /var/lib/cassandra/data/system_schema/tables-afddfb9dbc1e30688056eed6c302ba09/nb-30-big (2.250KiB)
INFO  [main] 2025-10-21 13:02:35,289 ColumnFamilyStore.java:484 - Initializing system_schema.columns
INFO  [SSTableBatchOpen:1] 2025-10-21 13:02:35,323 SSTableReaderBuilder.java:354 - Opening /var/lib/cassandra/data/system_schema/columns-24101c25a2ae3af787c1b40ee1aca33f/nb-30-big (5.370KiB)
INFO  [SSTableBatchOpen:2] 2025-10-21 13:02:35,328 SSTableReaderBuilder.java:354 - Opening /var/lib/cassandra/data/system_schema/columns-24101c25a2ae3af787c1b40ee1aca33f/nb-29-big (7.826KiB)
INFO  [SSTableBatchOpen:3] 2025-10-21 13:02:35,330 SSTableReaderBuilder.java:354 - Opening /var/lib/cassandra/data/system_schema/columns-24101c25a2ae3af787c1b40ee1aca33f/nb-31-big (5.370KiB)
INFO  [main] 2025-10-21 13:02:35,363 ColumnFamilyStore.java:484 - Initializing system_schema.triggers
INFO  [SSTableBatchOpen:1] 2025-10-21 13:02:35,399 SSTableReaderBuilder.java:354 - Opening /var/lib/cassandra/data/system_schema/triggers-4df70b666b05325195a132b54005fd48/nb-17-big (0.059KiB)
INFO  [main] 2025-10-21 13:02:35,418 ColumnFamilyStore.java:484 - Initializing system_schema.dropped_columns
INFO  [SSTableBatchOpen:1] 2025-10-21 13:02:35,445 SSTableReaderBuilder.java:354 - Opening /var/lib/cassandra/data/system_schema/dropped_columns-5e7583b5f3f43af19a39b7e1d6f5f11f/nb-17-big (0.109KiB)
INFO  [main] 2025-10-21 13:02:35,498 ColumnFamilyStore.java:484 - Initializing system_schema.views
INFO  [SSTableBatchOpen:1] 2025-10-21 13:02:35,524 SSTableReaderBuilder.java:354 - Opening /var/lib/cassandra/data/system_schema/views-9786ac1cdd583201a7cdad556410c985/nb-17-big (0.059KiB)
INFO  [main] 2025-10-21 13:02:35,536 ColumnFamilyStore.java:484 - Initializing system_schema.types
INFO  [SSTableBatchOpen:1] 2025-10-21 13:02:35,585 SSTableReaderBuilder.java:354 - Opening /var/lib/cassandra/data/system_schema/types-5a8b1ca866023f77a0459273d308917a/nb-17-big (0.059KiB)
INFO  [main] 2025-10-21 13:02:35,600 ColumnFamilyStore.java:484 - Initializing system_schema.functions
INFO  [SSTableBatchOpen:1] 2025-10-21 13:02:35,631 SSTableReaderBuilder.java:354 - Opening /var/lib/cassandra/data/system_schema/functions-96489b7980be3e14a70166a0b9159450/nb-17-big (0.059KiB)
INFO  [main] 2025-10-21 13:02:35,650 ColumnFamilyStore.java:484 - Initializing system_schema.aggregates
INFO  [SSTableBatchOpen:1] 2025-10-21 13:02:35,684 SSTableReaderBuilder.java:354 - Opening /var/lib/cassandra/data/system_schema/aggregates-924c55872e3a345bb10c12f37c1ba895/nb-17-big (0.059KiB)
INFO  [main] 2025-10-21 13:02:35,705 ColumnFamilyStore.java:484 - Initializing system_schema.indexes
INFO  [SSTableBatchOpen:1] 2025-10-21 13:02:35,734 SSTableReaderBuilder.java:354 - Opening /var/lib/cassandra/data/system_schema/indexes-0feb57ac311f382fba6d9024d305702f/nb-17-big (0.180KiB)
INFO  [main] 2025-10-21 13:02:35,772 FileSystemOwnershipCheck.java:125 - Filesystem ownership check is not enabled.
INFO  [main] 2025-10-21 13:02:36,444 SystemKeyspaceMigrator41.java:184 - peers_v2 table was empty, migrating legacy peers, if this fails you should fix the issue and then truncate peers_v2 to have it try again.
INFO  [main] 2025-10-21 13:02:36,466 SystemKeyspaceMigrator41.java:193 - Migrating rows from legacy peers to peers_v2
INFO  [main] 2025-10-21 13:02:36,468 SystemKeyspaceMigrator41.java:202 - Migrated 0 rows from legacy peers to peers_v2
INFO  [main] 2025-10-21 13:02:36,470 SystemKeyspaceMigrator41.java:184 - peer_events_v2 table was empty, migrating legacy peer_events, if this fails you should fix the issue and then truncate peer_events_v2 to have it try again.
INFO  [main] 2025-10-21 13:02:36,477 SystemKeyspaceMigrator41.java:193 - Migrating rows from legacy peer_events to peer_events_v2
INFO  [main] 2025-10-21 13:02:36,477 SystemKeyspaceMigrator41.java:202 - Migrated 0 rows from legacy peer_events to peer_events_v2
INFO  [main] 2025-10-21 13:02:36,478 SystemKeyspaceMigrator41.java:184 - transferred_ranges_v2 table was empty, migrating legacy transferred_ranges, if this fails you should fix the issue and then truncate transferred_ranges_v2 to have it try again.
INFO  [main] 2025-10-21 13:02:36,487 SystemKeyspaceMigrator41.java:193 - Migrating rows from legacy transferred_ranges to transferred_ranges_v2
INFO  [main] 2025-10-21 13:02:36,487 SystemKeyspaceMigrator41.java:202 - Migrated 0 rows from legacy transferred_ranges to transferred_ranges_v2
INFO  [main] 2025-10-21 13:02:36,489 SystemKeyspaceMigrator41.java:184 - available_ranges_v2 table was empty, migrating legacy available_ranges, if this fails you should fix the issue and then truncate available_ranges_v2 to have it try again.
INFO  [main] 2025-10-21 13:02:36,495 SystemKeyspaceMigrator41.java:193 - Migrating rows from legacy available_ranges to available_ranges_v2
INFO  [main] 2025-10-21 13:02:36,496 SystemKeyspaceMigrator41.java:202 - Migrated 0 rows from legacy available_ranges to available_ranges_v2
INFO  [main] 2025-10-21 13:02:36,496 StorageService.java:1009 - Populating token metadata from system tables
INFO  [main] 2025-10-21 13:02:36,587 StorageService.java:1003 - Token metadata: Normal Tokens:
/172.19.0.5:7000:[-6054966783685527959, -1707674600088134097, 1183369781295940740, 7581427330782124222]

INFO  [main] 2025-10-21 13:02:37,705 Keyspace.java:394 - Creating replication strategy thehive params KeyspaceParams{durable_writes=true, replication=ReplicationParams{class=org.apache.cassandra.locator.SimpleStrategy, replication_factor=1}}
INFO  [main] 2025-10-21 13:02:37,714 ColumnFamilyStore.java:484 - Initializing thehive.edgestore
INFO  [SSTableBatchOpen:1] 2025-10-21 13:02:37,727 SSTableReaderBuilder.java:354 - Opening /var/lib/cassandra/data/thehive/edgestore-b374c940a9dc11f09e5c89c6f1a666aa/nb-10-big (2.316MiB)
INFO  [SSTableBatchOpen:2] 2025-10-21 13:02:37,730 SSTableReaderBuilder.java:354 - Opening /var/lib/cassandra/data/thehive/edgestore-b374c940a9dc11f09e5c89c6f1a666aa/nb-9-big (9.973MiB)
INFO  [main] 2025-10-21 13:02:37,789 ColumnFamilyStore.java:484 - Initializing thehive.edgestore_lock_
INFO  [SSTableBatchOpen:1] 2025-10-21 13:02:37,799 SSTableReaderBuilder.java:354 - Opening /var/lib/cassandra/data/thehive/edgestore_lock_-b3939be0a9dc11f09e5c89c6f1a666aa/nb-1-big (0.093KiB)
INFO  [main] 2025-10-21 13:02:37,827 ColumnFamilyStore.java:484 - Initializing thehive.graphindex
INFO  [SSTableBatchOpen:1] 2025-10-21 13:02:37,834 SSTableReaderBuilder.java:354 - Opening /var/lib/cassandra/data/thehive/graphindex-b3e3dec0a9dc11f09e5c89c6f1a666aa/nb-1-big (8.110KiB)
INFO  [main] 2025-10-21 13:02:37,866 ColumnFamilyStore.java:484 - Initializing thehive.graphindex_lock_
INFO  [SSTableBatchOpen:1] 2025-10-21 13:02:37,875 SSTableReaderBuilder.java:354 - Opening /var/lib/cassandra/data/thehive/graphindex_lock_-b431fec0a9dc11f09e5c89c6f1a666aa/nb-1-big (6.994KiB)
INFO  [main] 2025-10-21 13:02:37,905 ColumnFamilyStore.java:484 - Initializing thehive.janusgraph_ids
INFO  [SSTableBatchOpen:1] 2025-10-21 13:02:37,913 SSTableReaderBuilder.java:354 - Opening /var/lib/cassandra/data/thehive/janusgraph_ids-b356e100a9dc11f09e5c89c6f1a666aa/nb-9-big (1.678KiB)
INFO  [SSTableBatchOpen:2] 2025-10-21 13:02:37,917 SSTableReaderBuilder.java:354 - Opening /var/lib/cassandra/data/thehive/janusgraph_ids-b356e100a9dc11f09e5c89c6f1a666aa/nb-10-big (0.476KiB)
INFO  [main] 2025-10-21 13:02:37,958 ColumnFamilyStore.java:484 - Initializing thehive.system_properties
INFO  [SSTableBatchOpen:1] 2025-10-21 13:02:37,975 SSTableReaderBuilder.java:354 - Opening /var/lib/cassandra/data/thehive/system_properties-b1eca2a0a9dc11f09e5c89c6f1a666aa/nb-15-big (0.350KiB)
INFO  [SSTableBatchOpen:3] 2025-10-21 13:02:37,978 SSTableReaderBuilder.java:354 - Opening /var/lib/cassandra/data/thehive/system_properties-b1eca2a0a9dc11f09e5c89c6f1a666aa/nb-14-big (0.094KiB)
INFO  [SSTableBatchOpen:2] 2025-10-21 13:02:37,978 SSTableReaderBuilder.java:354 - Opening /var/lib/cassandra/data/thehive/system_properties-b1eca2a0a9dc11f09e5c89c6f1a666aa/nb-13-big (1.902KiB)
INFO  [main] 2025-10-21 13:02:38,032 ColumnFamilyStore.java:484 - Initializing thehive.system_properties_lock_
INFO  [main] 2025-10-21 13:02:38,070 ColumnFamilyStore.java:484 - Initializing thehive.systemlog
INFO  [SSTableBatchOpen:1] 2025-10-21 13:02:38,077 SSTableReaderBuilder.java:354 - Opening /var/lib/cassandra/data/thehive/systemlog-b4f28fa0a9dc11f09e5c89c6f1a666aa/nb-9-big (0.265KiB)
INFO  [main] 2025-10-21 13:02:38,100 ColumnFamilyStore.java:484 - Initializing thehive.txlog
INFO  [SSTableBatchOpen:2] 2025-10-21 13:02:38,111 SSTableReaderBuilder.java:354 - Opening /var/lib/cassandra/data/thehive/txlog-b4a5f640a9dc11f09e5c89c6f1a666aa/nb-6-big (0.063KiB)
INFO  [SSTableBatchOpen:3] 2025-10-21 13:02:38,116 SSTableReaderBuilder.java:354 - Opening /var/lib/cassandra/data/thehive/txlog-b4a5f640a9dc11f09e5c89c6f1a666aa/nb-5-big (0.117KiB)
INFO  [SSTableBatchOpen:1] 2025-10-21 13:02:38,116 SSTableReaderBuilder.java:354 - Opening /var/lib/cassandra/data/thehive/txlog-b4a5f640a9dc11f09e5c89c6f1a666aa/nb-7-big (0.063KiB)
INFO  [main] 2025-10-21 13:02:38,148 Keyspace.java:394 - Creating replication strategy system_auth params KeyspaceParams{durable_writes=true, replication=ReplicationParams{class=org.apache.cassandra.locator.SimpleStrategy, replication_factor=1}}
INFO  [main] 2025-10-21 13:02:38,159 ColumnFamilyStore.java:484 - Initializing system_auth.network_permissions
INFO  [main] 2025-10-21 13:02:38,175 ColumnFamilyStore.java:484 - Initializing system_auth.resource_role_permissons_index
INFO  [main] 2025-10-21 13:02:38,191 ColumnFamilyStore.java:484 - Initializing system_auth.role_members
INFO  [main] 2025-10-21 13:02:38,202 ColumnFamilyStore.java:484 - Initializing system_auth.role_permissions
INFO  [main] 2025-10-21 13:02:38,219 ColumnFamilyStore.java:484 - Initializing system_auth.roles
INFO  [SSTableBatchOpen:1] 2025-10-21 13:02:38,225 SSTableReaderBuilder.java:354 - Opening /var/lib/cassandra/data/system_auth/roles-5bc52802de2535edaeab188eecebb090/nb-1-big (0.100KiB)
INFO  [main] 2025-10-21 13:02:38,245 Keyspace.java:394 - Creating replication strategy system_distributed params KeyspaceParams{durable_writes=true, replication=ReplicationParams{class=org.apache.cassandra.locator.SimpleStrategy, replication_factor=3}}
INFO  [main] 2025-10-21 13:02:38,248 ColumnFamilyStore.java:484 - Initializing system_distributed.parent_repair_history
INFO  [main] 2025-10-21 13:02:38,264 ColumnFamilyStore.java:484 - Initializing system_distributed.partition_denylist
INFO  [main] 2025-10-21 13:02:38,282 ColumnFamilyStore.java:484 - Initializing system_distributed.repair_history
INFO  [main] 2025-10-21 13:02:38,305 ColumnFamilyStore.java:484 - Initializing system_distributed.view_build_status
INFO  [main] 2025-10-21 13:02:38,315 Keyspace.java:394 - Creating replication strategy system_traces params KeyspaceParams{durable_writes=true, replication=ReplicationParams{class=org.apache.cassandra.locator.SimpleStrategy, replication_factor=2}}
INFO  [main] 2025-10-21 13:02:38,323 ColumnFamilyStore.java:484 - Initializing system_traces.events
INFO  [main] 2025-10-21 13:02:38,336 ColumnFamilyStore.java:484 - Initializing system_traces.sessions
INFO  [main] 2025-10-21 13:02:38,356 AutoSavingCache.java:168 - Completed loading (7 ms; 25 keys) KeyCache cache
INFO  [main] 2025-10-21 13:02:38,437 PaxosUncommittedTracker.java:233 - enabling PaxosUncommittedTracker
INFO  [main] 2025-10-21 13:02:38,441 CommitLog.java:203 - Replaying /opt/cassandra/data/commitlog/CommitLog-7-1760797386931.log
INFO  [main] 2025-10-21 13:02:38,517 CommitLogReader.java:257 - Finished reading /opt/cassandra/data/commitlog/CommitLog-7-1760797386931.log
INFO  [main] 2025-10-21 13:02:38,526 CommitLog.java:205 - Log replay complete, 0 replayed mutations
INFO  [main] 2025-10-21 13:02:38,527 StorageService.java:1009 - Populating token metadata from system tables
INFO  [main] 2025-10-21 13:02:38,540 StorageService.java:1003 - Token metadata: Normal Tokens:
/172.19.0.5:7000:[-6054966783685527959, -1707674600088134097, 1183369781295940740, 7581427330782124222]

INFO  [main] 2025-10-21 13:02:38,542 ColumnFamilyStore.java:2594 - Truncating system.size_estimates
INFO  [main] 2025-10-21 13:02:38,611 ColumnFamilyStore.java:2628 - Truncating system.size_estimates with truncatedAt=1761051758568
INFO  [main] 2025-10-21 13:02:38,614 ColumnFamilyStore.java:3095 - Truncation is dropping 2 sstables and keeping 0 due to sstable.maxDataAge > truncatedAt
INFO  [NonPeriodicTasks:1] 2025-10-21 13:02:38,693 LogTransaction.java:242 - Unfinished transaction log, deleting /var/lib/cassandra/data/system/size_estimates-618f817b005f3678b8a453f3930b8e86/nb-18-big-Data.db 
INFO  [NonPeriodicTasks:1] 2025-10-21 13:02:38,693 SSTable.java:127 - Deleting sstable: /var/lib/cassandra/data/system/size_estimates-618f817b005f3678b8a453f3930b8e86/nb-18-big
INFO  [NonPeriodicTasks:1] 2025-10-21 13:02:38,704 LogTransaction.java:242 - Unfinished transaction log, deleting /var/lib/cassandra/data/system/size_estimates-618f817b005f3678b8a453f3930b8e86/nb-17-big-Data.db 
INFO  [NonPeriodicTasks:1] 2025-10-21 13:02:38,711 SSTable.java:127 - Deleting sstable: /var/lib/cassandra/data/system/size_estimates-618f817b005f3678b8a453f3930b8e86/nb-17-big
INFO  [NonPeriodicTasks:1] 2025-10-21 13:02:38,718 LogTransaction.java:242 - Unfinished transaction log, deleting /var/lib/cassandra/data/system/size_estimates-618f817b005f3678b8a453f3930b8e86/nb_txn_unknowncompactiontype_388a1090-ae7e-11f0-83ec-8364d3977ec5.log 
INFO  [main] 2025-10-21 13:02:38,752 ColumnFamilyStore.java:1012 - Enqueuing flush of system.local, Reason: INTERNALLY_FORCED, Usage: 2.096KiB (0%) on-heap, 0.000KiB (0%) off-heap
INFO  [PerDiskMemtableFlushWriter_0:1] 2025-10-21 13:02:38,901 Flushing.java:145 - Writing Memtable-local@139437472(0.424KiB serialized bytes, 3 ops, 2.096KiB (0%) on-heap, 0.000KiB (0%) off-heap), flushed range = [min(-9223372036854775808), max(9223372036854775807))
INFO  [PerDiskMemtableFlushWriter_0:1] 2025-10-21 13:02:38,908 Flushing.java:171 - Completed flushing /var/lib/cassandra/data/system/local-7ad54392bcdd35a684174e047860b377/nb-58-big-Data.db (0.220KiB) for commitlog position CommitLogPosition(segmentId=1761051747398, position=910)
INFO  [MemtableFlushWriter:2] 2025-10-21 13:02:38,949 LogTransaction.java:242 - Unfinished transaction log, deleting /var/lib/cassandra/data/system/local-7ad54392bcdd35a684174e047860b377/nb_txn_flush_38a030a0-ae7e-11f0-83ec-8364d3977ec5.log 
INFO  [main] 2025-10-21 13:02:38,964 ColumnFamilyStore.java:2655 - Truncate of system.size_estimates is complete
INFO  [main] 2025-10-21 13:02:38,964 ColumnFamilyStore.java:2594 - Truncating system.table_estimates
INFO  [main] 2025-10-21 13:02:38,968 ColumnFamilyStore.java:2628 - Truncating system.table_estimates with truncatedAt=1761051758968
INFO  [main] 2025-10-21 13:02:38,968 ColumnFamilyStore.java:3095 - Truncation is dropping 2 sstables and keeping 0 due to sstable.maxDataAge > truncatedAt
INFO  [NonPeriodicTasks:1] 2025-10-21 13:02:38,981 LogTransaction.java:242 - Unfinished transaction log, deleting /var/lib/cassandra/data/system/table_estimates-176c39cdb93d33a5a2188eb06a56f66e/nb-18-big-Data.db 
INFO  [NonPeriodicTasks:1] 2025-10-21 13:02:38,982 SSTable.java:127 - Deleting sstable: /var/lib/cassandra/data/system/table_estimates-176c39cdb93d33a5a2188eb06a56f66e/nb-18-big
INFO  [main] 2025-10-21 13:02:38,983 ColumnFamilyStore.java:1012 - Enqueuing flush of system.local, Reason: INTERNALLY_FORCED, Usage: 0.646KiB (0%) on-heap, 0.000KiB (0%) off-heap
INFO  [NonPeriodicTasks:1] 2025-10-21 13:02:38,989 LogTransaction.java:242 - Unfinished transaction log, deleting /var/lib/cassandra/data/system/table_estimates-176c39cdb93d33a5a2188eb06a56f66e/nb-17-big-Data.db 
INFO  [NonPeriodicTasks:1] 2025-10-21 13:02:38,992 SSTable.java:127 - Deleting sstable: /var/lib/cassandra/data/system/table_estimates-176c39cdb93d33a5a2188eb06a56f66e/nb-17-big
INFO  [NonPeriodicTasks:1] 2025-10-21 13:02:38,995 LogTransaction.java:242 - Unfinished transaction log, deleting /var/lib/cassandra/data/system/table_estimates-176c39cdb93d33a5a2188eb06a56f66e/nb_txn_unknowncompactiontype_38bf9f80-ae7e-11f0-83ec-8364d3977ec5.log 
INFO  [PerDiskMemtableFlushWriter_0:2] 2025-10-21 13:02:39,000 Flushing.java:145 - Writing Memtable-local@947309239(0.091KiB serialized bytes, 1 ops, 0.646KiB (0%) on-heap, 0.000KiB (0%) off-heap), flushed range = [min(-9223372036854775808), max(9223372036854775807))
INFO  [PerDiskMemtableFlushWriter_0:2] 2025-10-21 13:02:39,001 Flushing.java:171 - Completed flushing /var/lib/cassandra/data/system/local-7ad54392bcdd35a684174e047860b377/nb-59-big-Data.db (0.063KiB) for commitlog position CommitLogPosition(segmentId=1761051747398, position=1185)
INFO  [MemtableFlushWriter:2] 2025-10-21 13:02:39,015 LogTransaction.java:242 - Unfinished transaction log, deleting /var/lib/cassandra/data/system/local-7ad54392bcdd35a684174e047860b377/nb_txn_flush_38c23790-ae7e-11f0-83ec-8364d3977ec5.log 
INFO  [main] 2025-10-21 13:02:39,018 ColumnFamilyStore.java:2655 - Truncate of system.table_estimates is complete
INFO  [main] 2025-10-21 13:02:39,112 QueryProcessor.java:182 - Preloaded 45 prepared statements
INFO  [main] 2025-10-21 13:02:39,112 StorageService.java:900 - Cassandra version: 4.1.8
INFO  [main] 2025-10-21 13:02:39,112 StorageService.java:901 - CQL version: 3.4.6
INFO  [main] 2025-10-21 13:02:39,113 StorageService.java:902 - Native protocol supported versions: 3/v3, 4/v4, 5/v5, 6/v6-beta (default: 5/v5)
INFO  [main] 2025-10-21 13:02:39,159 IndexSummaryManager.java:86 - Initializing index summary manager with a memory pool size of 151 MB and a resize interval of 60 minutes
INFO  [main] 2025-10-21 13:02:39,162 StorageService.java:919 - Loading persisted ring state
INFO  [main] 2025-10-21 13:02:39,162 StorageService.java:1009 - Populating token metadata from system tables
INFO  [main] 2025-10-21 13:02:39,176 InboundConnectionInitiator.java:149 - Listening on address: (/172.19.0.5:7000), nic: eth0, encryption: unencrypted
INFO  [main] 2025-10-21 13:02:39,865 StorageService.java:812 - Unable to gossip with any peers but continuing anyway since node is in its own seed list
INFO  [main] 2025-10-21 13:02:39,920 StorageService.java:1135 - Starting up server gossip
INFO  [main] 2025-10-21 13:02:39,942 ColumnFamilyStore.java:1012 - Enqueuing flush of system.local, Reason: INTERNALLY_FORCED, Usage: 0.528KiB (0%) on-heap, 0.000KiB (0%) off-heap
INFO  [PerDiskMemtableFlushWriter_0:1] 2025-10-21 13:02:39,955 Flushing.java:145 - Writing Memtable-local@601158798(0.048KiB serialized bytes, 1 ops, 0.528KiB (0%) on-heap, 0.000KiB (0%) off-heap), flushed range = [min(-9223372036854775808), max(9223372036854775807))
INFO  [PerDiskMemtableFlushWriter_0:1] 2025-10-21 13:02:39,956 Flushing.java:171 - Completed flushing /var/lib/cassandra/data/system/local-7ad54392bcdd35a684174e047860b377/nb-60-big-Data.db (0.028KiB) for commitlog position CommitLogPosition(segmentId=1761051747398, position=1430)
INFO  [MemtableFlushWriter:1] 2025-10-21 13:02:39,999 LogTransaction.java:242 - Unfinished transaction log, deleting /var/lib/cassandra/data/system/local-7ad54392bcdd35a684174e047860b377/nb_txn_flush_3954daa0-ae7e-11f0-83ec-8364d3977ec5.log 
INFO  [main] 2025-10-21 13:02:40,397 TokenMetadata.java:539 - Updating topology for /172.19.0.5:7000
INFO  [main] 2025-10-21 13:02:40,397 TokenMetadata.java:539 - Updating topology for /172.19.0.5:7000
INFO  [main] 2025-10-21 13:02:40,929 MigrationCoordinator.java:259 - Starting migration coordinator and scheduling pulling schema versions every PT1M
INFO  [main] 2025-10-21 13:02:41,251 SnapshotManager.java:130 - Scheduling expired snapshot cleanup with initialDelaySeconds=5 and cleanupPeriodSeconds=60
INFO  [Service Thread] 2025-10-21 13:02:41,270 GCInspector.java:294 - ParNew GC in 215ms.  CMS Old Gen: 0 -> 16061728; Par Eden Space: 429522944 -> 0; Par Survivor Space: 34948224 -> 47665208
INFO  [main] 2025-10-21 13:02:41,497 StorageService.java:1235 - Using saved tokens [-1707674600088134097, -6054966783685527959, 1183369781295940740, 7581427330782124222]
INFO  [main] 2025-10-21 13:02:41,588 StorageService.java:1920 - JOINING: Finish joining ring
INFO  [main] 2025-10-21 13:02:41,611 SecondaryIndexManager.java:816 - Executing pre-join tasks for: CFS(Keyspace='thehive', ColumnFamily='system_properties')
INFO  [main] 2025-10-21 13:02:41,619 SecondaryIndexManager.java:816 - Executing pre-join tasks for: CFS(Keyspace='thehive', ColumnFamily='systemlog')
INFO  [main] 2025-10-21 13:02:41,622 SecondaryIndexManager.java:816 - Executing pre-join tasks for: CFS(Keyspace='thehive', ColumnFamily='edgestore_lock_')
INFO  [main] 2025-10-21 13:02:41,622 SecondaryIndexManager.java:816 - Executing pre-join tasks for: CFS(Keyspace='thehive', ColumnFamily='graphindex')
INFO  [main] 2025-10-21 13:02:41,624 SecondaryIndexManager.java:816 - Executing pre-join tasks for: CFS(Keyspace='thehive', ColumnFamily='graphindex_lock_')
INFO  [main] 2025-10-21 13:02:41,624 SecondaryIndexManager.java:816 - Executing pre-join tasks for: CFS(Keyspace='thehive', ColumnFamily='janusgraph_ids')
INFO  [main] 2025-10-21 13:02:41,626 SecondaryIndexManager.java:816 - Executing pre-join tasks for: CFS(Keyspace='thehive', ColumnFamily='edgestore')
INFO  [main] 2025-10-21 13:02:41,627 SecondaryIndexManager.java:816 - Executing pre-join tasks for: CFS(Keyspace='thehive', ColumnFamily='system_properties_lock_')
INFO  [main] 2025-10-21 13:02:41,627 SecondaryIndexManager.java:816 - Executing pre-join tasks for: CFS(Keyspace='thehive', ColumnFamily='txlog')
INFO  [main] 2025-10-21 13:02:41,649 StorageService.java:3111 - Node /172.19.0.5:7000 state jump to NORMAL
INFO  [main] 2025-10-21 13:02:41,673 StorageService.java:3111 - Node /172.19.0.5:7000 state jump to NORMAL
INFO  [main] 2025-10-21 13:02:41,682 Gossiper.java:2339 - Waiting for gossip to settle...
INFO  [main] 2025-10-21 13:02:49,686 Gossiper.java:2370 - No gossip backlog; proceeding
INFO  [main] 2025-10-21 13:02:49,719 CassandraDaemon.java:488 - Prewarming of auth caches is disabled
INFO  [main] 2025-10-21 13:02:49,774 NativeTransportService.java:130 - Using Netty Version: [netty-buffer=netty-buffer-4.1.58.Final.10b03e6, netty-codec=netty-codec-4.1.58.Final.10b03e6, netty-codec-dns=netty-codec-dns-4.1.58.Final.10b03e6, netty-codec-haproxy=netty-codec-haproxy-4.1.58.Final.10b03e6, netty-codec-http=netty-codec-http-4.1.58.Final.10b03e6, netty-codec-http2=netty-codec-http2-4.1.58.Final.10b03e6, netty-codec-memcache=netty-codec-memcache-4.1.58.Final.10b03e6, netty-codec-mqtt=netty-codec-mqtt-4.1.58.Final.10b03e6, netty-codec-redis=netty-codec-redis-4.1.58.Final.10b03e6, netty-codec-smtp=netty-codec-smtp-4.1.58.Final.10b03e6, netty-codec-socks=netty-codec-socks-4.1.58.Final.10b03e6, netty-codec-stomp=netty-codec-stomp-4.1.58.Final.10b03e6, netty-codec-xml=netty-codec-xml-4.1.58.Final.10b03e6, netty-common=netty-common-4.1.58.Final.10b03e6, netty-handler=netty-handler-4.1.58.Final.10b03e6, netty-handler-proxy=netty-handler-proxy-4.1.58.Final.10b03e6, netty-resolver=netty-resolver-4.1.58.Final.10b03e6, netty-resolver-dns=netty-resolver-dns-4.1.58.Final.10b03e6, netty-resolver-dns-native-macos=netty-resolver-dns-native-macos-4.1.58.Final.10b03e65f1, netty-transport=netty-transport-4.1.58.Final.10b03e6, netty-transport-native-epoll=netty-transport-native-epoll-4.1.58.Final.10b03e6, netty-transport-native-kqueue=netty-transport-native-kqueue-4.1.58.Final.10b03e65f1, netty-transport-native-unix-common=netty-transport-native-unix-common-4.1.58.Final.10b03e6, netty-transport-rxtx=netty-transport-rxtx-4.1.58.Final.10b03e6, netty-transport-sctp=netty-transport-sctp-4.1.58.Final.10b03e6, netty-transport-udt=netty-transport-udt-4.1.58.Final.10b03e6]
INFO  [CompactionExecutor:1] 2025-10-21 13:02:49,787 CompactionTask.java:164 - Compacting (3f3007b0-ae7e-11f0-83ec-8364d3977ec5) [/var/lib/cassandra/data/system/compaction_history-b4dbb7b4dc493fb5b3bfce6e434832ca/nb-17-big-Data.db:level=0, /var/lib/cassandra/data/system/compaction_history-b4dbb7b4dc493fb5b3bfce6e434832ca/nb-19-big-Data.db:level=0, /var/lib/cassandra/data/system/compaction_history-b4dbb7b4dc493fb5b3bfce6e434832ca/nb-18-big-Data.db:level=0, /var/lib/cassandra/data/system/compaction_history-b4dbb7b4dc493fb5b3bfce6e434832ca/nb-20-big-Data.db:level=0, ]
INFO  [CompactionExecutor:2] 2025-10-21 13:02:49,790 CompactionTask.java:164 - Compacting (3f3278b0-ae7e-11f0-83ec-8364d3977ec5) [/var/lib/cassandra/data/system/sstable_activity_v2-62efe31f3be8310c8d298963439c1288/nb-23-big-Data.db:level=0, /var/lib/cassandra/data/system/sstable_activity_v2-62efe31f3be8310c8d298963439c1288/nb-24-big-Data.db:level=0, /var/lib/cassandra/data/system/sstable_activity_v2-62efe31f3be8310c8d298963439c1288/nb-22-big-Data.db:level=0, /var/lib/cassandra/data/system/sstable_activity_v2-62efe31f3be8310c8d298963439c1288/nb-21-big-Data.db:level=0, ]
INFO  [main] 2025-10-21 13:02:49,801 NativeTransportService.java:68 - Netty using native Epoll event loop
INFO  [main] 2025-10-21 13:02:49,880 PipelineConfigurator.java:145 - Using Netty Version: [netty-buffer=netty-buffer-4.1.58.Final.10b03e6, netty-codec=netty-codec-4.1.58.Final.10b03e6, netty-codec-dns=netty-codec-dns-4.1.58.Final.10b03e6, netty-codec-haproxy=netty-codec-haproxy-4.1.58.Final.10b03e6, netty-codec-http=netty-codec-http-4.1.58.Final.10b03e6, netty-codec-http2=netty-codec-http2-4.1.58.Final.10b03e6, netty-codec-memcache=netty-codec-memcache-4.1.58.Final.10b03e6, netty-codec-mqtt=netty-codec-mqtt-4.1.58.Final.10b03e6, netty-codec-redis=netty-codec-redis-4.1.58.Final.10b03e6, netty-codec-smtp=netty-codec-smtp-4.1.58.Final.10b03e6, netty-codec-socks=netty-codec-socks-4.1.58.Final.10b03e6, netty-codec-stomp=netty-codec-stomp-4.1.58.Final.10b03e6, netty-codec-xml=netty-codec-xml-4.1.58.Final.10b03e6, netty-common=netty-common-4.1.58.Final.10b03e6, netty-handler=netty-handler-4.1.58.Final.10b03e6, netty-handler-proxy=netty-handler-proxy-4.1.58.Final.10b03e6, netty-resolver=netty-resolver-4.1.58.Final.10b03e6, netty-resolver-dns=netty-resolver-dns-4.1.58.Final.10b03e6, netty-resolver-dns-native-macos=netty-resolver-dns-native-macos-4.1.58.Final.10b03e65f1, netty-transport=netty-transport-4.1.58.Final.10b03e6, netty-transport-native-epoll=netty-transport-native-epoll-4.1.58.Final.10b03e6, netty-transport-native-kqueue=netty-transport-native-kqueue-4.1.58.Final.10b03e65f1, netty-transport-native-unix-common=netty-transport-native-unix-common-4.1.58.Final.10b03e6, netty-transport-rxtx=netty-transport-rxtx-4.1.58.Final.10b03e6, netty-transport-sctp=netty-transport-sctp-4.1.58.Final.10b03e6, netty-transport-udt=netty-transport-udt-4.1.58.Final.10b03e6]
INFO  [main] 2025-10-21 13:02:49,883 PipelineConfigurator.java:146 - Starting listening for CQL clients on /0.0.0.0:9042 (unencrypted)...
INFO  [main] 2025-10-21 13:02:49,893 CassandraDaemon.java:761 - Startup complete
INFO  [CompactionExecutor:2] 2025-10-21 13:02:49,908 CompactionTask.java:253 - Compacted (3f3278b0-ae7e-11f0-83ec-8364d3977ec5) 4 sstables to [/var/lib/cassandra/data/system/sstable_activity_v2-62efe31f3be8310c8d298963439c1288/nb-25-big,] to level=0.  2.807KiB to 0.517KiB (~18% of original) in 108ms.  Read Throughput = 25.760KiB/s, Write Throughput = 4.741KiB/s, Row Throughput = ~93/s.  110 total partitions merged to 12.  Partition merge counts were {1:58, 2:17, 3:6, }. Time spent writing keys = 64ms
INFO  [NonPeriodicTasks:1] 2025-10-21 13:02:49,918 SSTable.java:127 - Deleting sstable: /var/lib/cassandra/data/system/sstable_activity_v2-62efe31f3be8310c8d298963439c1288/nb-21-big
INFO  [NonPeriodicTasks:1] 2025-10-21 13:02:49,932 SSTable.java:127 - Deleting sstable: /var/lib/cassandra/data/system/sstable_activity_v2-62efe31f3be8310c8d298963439c1288/nb-23-big
INFO  [CompactionExecutor:2] 2025-10-21 13:02:49,940 CompactionTask.java:164 - Compacting (3f498320-ae7e-11f0-83ec-8364d3977ec5) [/var/lib/cassandra/data/system/local-7ad54392bcdd35a684174e047860b377/nb-60-big-Data.db:level=0, /var/lib/cassandra/data/system/local-7ad54392bcdd35a684174e047860b377/nb-58-big-Data.db:level=0, /var/lib/cassandra/data/system/local-7ad54392bcdd35a684174e047860b377/nb-57-big-Data.db:level=0, /var/lib/cassandra/data/system/local-7ad54392bcdd35a684174e047860b377/nb-59-big-Data.db:level=0, ]
INFO  [NonPeriodicTasks:1] 2025-10-21 13:02:49,942 SSTable.java:127 - Deleting sstable: /var/lib/cassandra/data/system/sstable_activity_v2-62efe31f3be8310c8d298963439c1288/nb-24-big
INFO  [NonPeriodicTasks:1] 2025-10-21 13:02:49,950 SSTable.java:127 - Deleting sstable: /var/lib/cassandra/data/system/sstable_activity_v2-62efe31f3be8310c8d298963439c1288/nb-22-big
INFO  [CompactionExecutor:1] 2025-10-21 13:02:49,980 CompactionTask.java:253 - Compacted (3f3007b0-ae7e-11f0-83ec-8364d3977ec5) 4 sstables to [/var/lib/cassandra/data/system/compaction_history-b4dbb7b4dc493fb5b3bfce6e434832ca/nb-21-big,] to level=0.  3.994KiB to 3.649KiB (~91% of original) in 192ms.  Read Throughput = 20.707KiB/s, Write Throughput = 18.920KiB/s, Row Throughput = ~166/s.  83 total partitions merged to 83.  Partition merge counts were {1:83, }. Time spent writing keys = 160ms
INFO  [NonPeriodicTasks:1] 2025-10-21 13:02:49,983 SSTable.java:127 - Deleting sstable: /var/lib/cassandra/data/system/local-7ad54392bcdd35a684174e047860b377/nb-60-big
INFO  [CompactionExecutor:2] 2025-10-21 13:02:49,984 CompactionTask.java:253 - Compacted (3f498320-ae7e-11f0-83ec-8364d3977ec5) 4 sstables to [/var/lib/cassandra/data/system/local-7ad54392bcdd35a684174e047860b377/nb-61-big,] to level=0.  0.762KiB to 0.441KiB (~57% of original) in 35ms.  Read Throughput = 21.324KiB/s, Write Throughput = 12.356KiB/s, Row Throughput = ~2/s.  4 total partitions merged to 1.  Partition merge counts were {4:1, }. Time spent writing keys = 7ms
INFO  [CompactionExecutor:1] 2025-10-21 13:02:49,990 CompactionTask.java:164 - Compacting (3f512440-ae7e-11f0-83ec-8364d3977ec5) [/var/lib/cassandra/data/system/sstable_activity-5a1ff267ace03f128563cfae6103c65e/nb-24-big-Data.db:level=0, /var/lib/cassandra/data/system/sstable_activity-5a1ff267ace03f128563cfae6103c65e/nb-21-big-Data.db:level=0, /var/lib/cassandra/data/system/sstable_activity-5a1ff267ace03f128563cfae6103c65e/nb-23-big-Data.db:level=0, /var/lib/cassandra/data/system/sstable_activity-5a1ff267ace03f128563cfae6103c65e/nb-22-big-Data.db:level=0, ]
INFO  [NonPeriodicTasks:1] 2025-10-21 13:02:49,992 SSTable.java:127 - Deleting sstable: /var/lib/cassandra/data/system/local-7ad54392bcdd35a684174e047860b377/nb-58-big
INFO  [NonPeriodicTasks:1] 2025-10-21 13:02:49,999 SSTable.java:127 - Deleting sstable: /var/lib/cassandra/data/system/local-7ad54392bcdd35a684174e047860b377/nb-57-big
INFO  [NonPeriodicTasks:1] 2025-10-21 13:02:50,008 SSTable.java:127 - Deleting sstable: /var/lib/cassandra/data/system/local-7ad54392bcdd35a684174e047860b377/nb-59-big
INFO  [NonPeriodicTasks:1] 2025-10-21 13:02:50,024 SSTable.java:127 - Deleting sstable: /var/lib/cassandra/data/system/compaction_history-b4dbb7b4dc493fb5b3bfce6e434832ca/nb-17-big
INFO  [NonPeriodicTasks:1] 2025-10-21 13:02:50,036 SSTable.java:127 - Deleting sstable: /var/lib/cassandra/data/system/compaction_history-b4dbb7b4dc493fb5b3bfce6e434832ca/nb-19-big
INFO  [CompactionExecutor:1] 2025-10-21 13:02:50,037 CompactionTask.java:253 - Compacted (3f512440-ae7e-11f0-83ec-8364d3977ec5) 4 sstables to [/var/lib/cassandra/data/system/sstable_activity-5a1ff267ace03f128563cfae6103c65e/nb-25-big,] to level=0.  2.787KiB to 0.534KiB (~19% of original) in 39ms.  Read Throughput = 70.398KiB/s, Write Throughput = 13.492KiB/s, Row Throughput = ~93/s.  110 total partitions merged to 12.  Partition merge counts were {1:58, 2:17, 3:6, }. Time spent writing keys = 13ms
INFO  [NonPeriodicTasks:1] 2025-10-21 13:02:50,042 SSTable.java:127 - Deleting sstable: /var/lib/cassandra/data/system/compaction_history-b4dbb7b4dc493fb5b3bfce6e434832ca/nb-18-big
INFO  [NonPeriodicTasks:1] 2025-10-21 13:02:50,047 SSTable.java:127 - Deleting sstable: /var/lib/cassandra/data/system/compaction_history-b4dbb7b4dc493fb5b3bfce6e434832ca/nb-20-big
INFO  [NonPeriodicTasks:1] 2025-10-21 13:02:50,059 SSTable.java:127 - Deleting sstable: /var/lib/cassandra/data/system/sstable_activity-5a1ff267ace03f128563cfae6103c65e/nb-21-big
INFO  [NonPeriodicTasks:1] 2025-10-21 13:02:50,062 SSTable.java:127 - Deleting sstable: /var/lib/cassandra/data/system/sstable_activity-5a1ff267ace03f128563cfae6103c65e/nb-24-big
INFO  [NonPeriodicTasks:1] 2025-10-21 13:02:50,069 SSTable.java:127 - Deleting sstable: /var/lib/cassandra/data/system/sstable_activity-5a1ff267ace03f128563cfae6103c65e/nb-23-big
INFO  [NonPeriodicTasks:1] 2025-10-21 13:02:50,078 SSTable.java:127 - Deleting sstable: /var/lib/cassandra/data/system/sstable_activity-5a1ff267ace03f128563cfae6103c65e/nb-22-big
INFO  [Native-Transport-Requests-1] 2025-10-21 13:02:51,525 QueryProcessor.java:656 - Fully upgraded to at least 4.1.8
INFO  [ScheduledTasks:1] 2025-10-21 14:02:34,936 ColumnFamilyStore.java:1012 - Enqueuing flush of system.compaction_history, Reason: MEMTABLE_PERIOD_EXPIRED, Usage: 4.205KiB (0%) on-heap, 0.000KiB (0%) off-heap
INFO  [PerDiskMemtableFlushWriter_0:3] 2025-10-21 14:02:34,961 Flushing.java:145 - Writing Memtable-compaction_history@1750335228(0.696KiB serialized bytes, 3 ops, 4.205KiB (0%) on-heap, 0.000KiB (0%) off-heap), flushed range = [min(-9223372036854775808), max(9223372036854775807))
INFO  [PerDiskMemtableFlushWriter_0:3] 2025-10-21 14:02:34,967 Flushing.java:171 - Completed flushing /var/lib/cassandra/data/system/compaction_history-b4dbb7b4dc493fb5b3bfce6e434832ca/nb-22-big-Data.db (0.381KiB) for commitlog position CommitLogPosition(segmentId=1761051747398, position=537000)
INFO  [ScheduledTasks:1] 2025-10-21 14:02:35,027 ColumnFamilyStore.java:1012 - Enqueuing flush of system.sstable_activity, Reason: MEMTABLE_PERIOD_EXPIRED, Usage: 19.220KiB (0%) on-heap, 0.000KiB (0%) off-heap
INFO  [PerDiskMemtableFlushWriter_0:4] 2025-10-21 14:02:35,035 Flushing.java:145 - Writing Memtable-sstable_activity@1644211396(1.401KiB serialized bytes, 200 ops, 19.220KiB (0%) on-heap, 0.000KiB (0%) off-heap), flushed range = [min(-9223372036854775808), max(9223372036854775807))
INFO  [PerDiskMemtableFlushWriter_0:4] 2025-10-21 14:02:35,037 Flushing.java:171 - Completed flushing /var/lib/cassandra/data/system/sstable_activity-5a1ff267ace03f128563cfae6103c65e/nb-26-big-Data.db (2.066KiB) for commitlog position CommitLogPosition(segmentId=1761051747398, position=537000)
INFO  [ScheduledTasks:1] 2025-10-21 14:02:35,143 ColumnFamilyStore.java:1012 - Enqueuing flush of system.sstable_activity_v2, Reason: MEMTABLE_PERIOD_EXPIRED, Usage: 19.142KiB (0%) on-heap, 0.000KiB (0%) off-heap
INFO  [PerDiskMemtableFlushWriter_0:3] 2025-10-21 14:02:35,152 Flushing.java:145 - Writing Memtable-sstable_activity_v2@1720978822(1.401KiB serialized bytes, 200 ops, 19.142KiB (0%) on-heap, 0.000KiB (0%) off-heap), flushed range = [min(-9223372036854775808), max(9223372036854775807))
INFO  [PerDiskMemtableFlushWriter_0:3] 2025-10-21 14:02:35,153 Flushing.java:171 - Completed flushing /var/lib/cassandra/data/system/sstable_activity_v2-62efe31f3be8310c8d298963439c1288/nb-26-big-Data.db (1.988KiB) for commitlog position CommitLogPosition(segmentId=1761051747398, position=537000)
INFO  [ScheduledTasks:1] 2025-10-21 14:02:36,553 ColumnFamilyStore.java:1012 - Enqueuing flush of system_schema.keyspaces, Reason: MEMTABLE_PERIOD_EXPIRED, Usage: 1.472KiB (0%) on-heap, 0.000KiB (0%) off-heap
INFO  [PerDiskMemtableFlushWriter_0:4] 2025-10-21 14:02:36,562 Flushing.java:145 - Writing Memtable-keyspaces@1825005300(0.236KiB serialized bytes, 4 ops, 1.472KiB (0%) on-heap, 0.000KiB (0%) off-heap), flushed range = [min(-9223372036854775808), max(9223372036854775807))
INFO  [PerDiskMemtableFlushWriter_0:4] 2025-10-21 14:02:36,563 Flushing.java:171 - Completed flushing /var/lib/cassandra/data/system_schema/keyspaces-abac5682dea631c5b535b3d6cffd0fb6/nb-32-big-Data.db (0.179KiB) for commitlog position CommitLogPosition(segmentId=1761051747398, position=537000)
INFO  [CompactionExecutor:7] 2025-10-21 14:02:36,574 CompactionTask.java:164 - Compacting (99166dc0-ae86-11f0-83ec-8364d3977ec5) [/var/lib/cassandra/data/system_schema/keyspaces-abac5682dea631c5b535b3d6cffd0fb6/nb-29-big-Data.db:level=0, /var/lib/cassandra/data/system_schema/keyspaces-abac5682dea631c5b535b3d6cffd0fb6/nb-32-big-Data.db:level=0, /var/lib/cassandra/data/system_schema/keyspaces-abac5682dea631c5b535b3d6cffd0fb6/nb-31-big-Data.db:level=0, /var/lib/cassandra/data/system_schema/keyspaces-abac5682dea631c5b535b3d6cffd0fb6/nb-30-big-Data.db:level=0, ]
INFO  [CompactionExecutor:7] 2025-10-21 14:02:36,611 CompactionTask.java:253 - Compacted (99166dc0-ae86-11f0-83ec-8364d3977ec5) 4 sstables to [/var/lib/cassandra/data/system_schema/keyspaces-abac5682dea631c5b535b3d6cffd0fb6/nb-33-big,] to level=0.  0.644KiB to 0.274KiB (~42% of original) in 29ms.  Read Throughput = 22.037KiB/s, Write Throughput = 9.396KiB/s, Row Throughput = ~12/s.  12 total partitions merged to 6.  Partition merge counts were {1:4, 4:2, }. Time spent writing keys = 14ms
INFO  [NonPeriodicTasks:1] 2025-10-21 14:02:36,613 SSTable.java:127 - Deleting sstable: /var/lib/cassandra/data/system_schema/keyspaces-abac5682dea631c5b535b3d6cffd0fb6/nb-32-big
INFO  [NonPeriodicTasks:1] 2025-10-21 14:02:36,614 SSTable.java:127 - Deleting sstable: /var/lib/cassandra/data/system_schema/keyspaces-abac5682dea631c5b535b3d6cffd0fb6/nb-31-big
INFO  [NonPeriodicTasks:1] 2025-10-21 14:02:36,615 SSTable.java:127 - Deleting sstable: /var/lib/cassandra/data/system_schema/keyspaces-abac5682dea631c5b535b3d6cffd0fb6/nb-29-big
INFO  [NonPeriodicTasks:1] 2025-10-21 14:02:36,616 SSTable.java:127 - Deleting sstable: /var/lib/cassandra/data/system_schema/keyspaces-abac5682dea631c5b535b3d6cffd0fb6/nb-30-big
INFO  [ScheduledTasks:1] 2025-10-21 14:02:36,703 ColumnFamilyStore.java:1012 - Enqueuing flush of system_schema.tables, Reason: MEMTABLE_PERIOD_EXPIRED, Usage: 77.660KiB (0%) on-heap, 0.000KiB (0%) off-heap
INFO  [PerDiskMemtableFlushWriter_0:3] 2025-10-21 14:02:36,711 Flushing.java:145 - Writing Memtable-tables@1655412108(23.717KiB serialized bytes, 35 ops, 77.660KiB (0%) on-heap, 0.000KiB (0%) off-heap), flushed range = [min(-9223372036854775808), max(9223372036854775807))
INFO  [PerDiskMemtableFlushWriter_0:3] 2025-10-21 14:02:36,712 Flushing.java:171 - Completed flushing /var/lib/cassandra/data/system_schema/tables-afddfb9dbc1e30688056eed6c302ba09/nb-32-big-Data.db (14.434KiB) for commitlog position CommitLogPosition(segmentId=1761051747398, position=537905)
INFO  [CompactionExecutor:6] 2025-10-21 14:02:36,723 CompactionTask.java:164 - Compacting (992d7830-ae86-11f0-83ec-8364d3977ec5) [/var/lib/cassandra/data/system_schema/tables-afddfb9dbc1e30688056eed6c302ba09/nb-32-big-Data.db:level=0, /var/lib/cassandra/data/system_schema/tables-afddfb9dbc1e30688056eed6c302ba09/nb-31-big-Data.db:level=0, /var/lib/cassandra/data/system_schema/tables-afddfb9dbc1e30688056eed6c302ba09/nb-29-big-Data.db:level=0, /var/lib/cassandra/data/system_schema/tables-afddfb9dbc1e30688056eed6c302ba09/nb-30-big-Data.db:level=0, ]
INFO  [CompactionExecutor:6] 2025-10-21 14:02:36,763 CompactionTask.java:253 - Compacted (992d7830-ae86-11f0-83ec-8364d3977ec5) 4 sstables to [/var/lib/cassandra/data/system_schema/tables-afddfb9dbc1e30688056eed6c302ba09/nb-33-big,] to level=0.  10.598KiB to 3.839KiB (~36% of original) in 37ms.  Read Throughput = 281.477KiB/s, Write Throughput = 101.961KiB/s, Row Throughput = ~59/s.  12 total partitions merged to 6.  Partition merge counts were {1:4, 4:2, }. Time spent writing keys = 16ms
INFO  [NonPeriodicTasks:1] 2025-10-21 14:02:36,762 SSTable.java:127 - Deleting sstable: /var/lib/cassandra/data/system_schema/tables-afddfb9dbc1e30688056eed6c302ba09/nb-32-big
INFO  [NonPeriodicTasks:1] 2025-10-21 14:02:36,765 SSTable.java:127 - Deleting sstable: /var/lib/cassandra/data/system_schema/tables-afddfb9dbc1e30688056eed6c302ba09/nb-31-big
INFO  [NonPeriodicTasks:1] 2025-10-21 14:02:36,767 SSTable.java:127 - Deleting sstable: /var/lib/cassandra/data/system_schema/tables-afddfb9dbc1e30688056eed6c302ba09/nb-29-big
INFO  [NonPeriodicTasks:1] 2025-10-21 14:02:36,769 SSTable.java:127 - Deleting sstable: /var/lib/cassandra/data/system_schema/tables-afddfb9dbc1e30688056eed6c302ba09/nb-30-big
INFO  [ScheduledTasks:1] 2025-10-21 14:02:36,775 ColumnFamilyStore.java:1012 - Enqueuing flush of system_schema.columns, Reason: MEMTABLE_PERIOD_EXPIRED, Usage: 168.572KiB (0%) on-heap, 0.000KiB (0%) off-heap
INFO  [PerDiskMemtableFlushWriter_0:4] 2025-10-21 14:02:36,786 Flushing.java:145 - Writing Memtable-columns@1761134516(35.468KiB serialized bytes, 234 ops, 168.572KiB (0%) on-heap, 0.000KiB (0%) off-heap), flushed range = [min(-9223372036854775808), max(9223372036854775807))
INFO  [PerDiskMemtableFlushWriter_0:4] 2025-10-21 14:02:36,788 Flushing.java:171 - Completed flushing /var/lib/cassandra/data/system_schema/columns-24101c25a2ae3af787c1b40ee1aca33f/nb-32-big-Data.db (16.242KiB) for commitlog position CommitLogPosition(segmentId=1761051747398, position=538775)
INFO  [CompactionExecutor:6] 2025-10-21 14:02:36,799 CompactionTask.java:164 - Compacting (9938e9e0-ae86-11f0-83ec-8364d3977ec5) [/var/lib/cassandra/data/system_schema/columns-24101c25a2ae3af787c1b40ee1aca33f/nb-30-big-Data.db:level=0, /var/lib/cassandra/data/system_schema/columns-24101c25a2ae3af787c1b40ee1aca33f/nb-29-big-Data.db:level=0, /var/lib/cassandra/data/system_schema/columns-24101c25a2ae3af787c1b40ee1aca33f/nb-32-big-Data.db:level=0, /var/lib/cassandra/data/system_schema/columns-24101c25a2ae3af787c1b40ee1aca33f/nb-31-big-Data.db:level=0, ]
INFO  [CompactionExecutor:6] 2025-10-21 14:02:36,836 CompactionTask.java:253 - Compacted (9938e9e0-ae86-11f0-83ec-8364d3977ec5) 4 sstables to [/var/lib/cassandra/data/system_schema/columns-24101c25a2ae3af787c1b40ee1aca33f/nb-33-big,] to level=0.  23.937KiB to 7.813KiB (~32% of original) in 35ms.  Read Throughput = 666.043KiB/s, Write Throughput = 217.412KiB/s, Row Throughput = ~327/s.  12 total partitions merged to 6.  Partition merge counts were {1:4, 4:2, }. Time spent writing keys = 20ms
INFO  [NonPeriodicTasks:1] 2025-10-21 14:02:36,836 SSTable.java:127 - Deleting sstable: /var/lib/cassandra/data/system_schema/columns-24101c25a2ae3af787c1b40ee1aca33f/nb-30-big
INFO  [NonPeriodicTasks:1] 2025-10-21 14:02:36,837 SSTable.java:127 - Deleting sstable: /var/lib/cassandra/data/system_schema/columns-24101c25a2ae3af787c1b40ee1aca33f/nb-29-big
INFO  [NonPeriodicTasks:1] 2025-10-21 14:02:36,838 SSTable.java:127 - Deleting sstable: /var/lib/cassandra/data/system_schema/columns-24101c25a2ae3af787c1b40ee1aca33f/nb-32-big
INFO  [NonPeriodicTasks:1] 2025-10-21 14:02:36,840 SSTable.java:127 - Deleting sstable: /var/lib/cassandra/data/system_schema/columns-24101c25a2ae3af787c1b40ee1aca33f/nb-31-big
INFO  [ScheduledTasks:1] 2025-10-21 14:02:36,849 ColumnFamilyStore.java:1012 - Enqueuing flush of system_schema.triggers, Reason: MEMTABLE_PERIOD_EXPIRED, Usage: 0.604KiB (0%) on-heap, 0.000KiB (0%) off-heap
INFO  [PerDiskMemtableFlushWriter_0:3] 2025-10-21 14:02:36,858 Flushing.java:145 - Writing Memtable-triggers@665388989(0.016KiB serialized bytes, 2 ops, 0.604KiB (0%) on-heap, 0.000KiB (0%) off-heap), flushed range = [min(-9223372036854775808), max(9223372036854775807))
INFO  [PerDiskMemtableFlushWriter_0:3] 2025-10-21 14:02:36,858 Flushing.java:171 - Completed flushing /var/lib/cassandra/data/system_schema/triggers-4df70b666b05325195a132b54005fd48/nb-18-big-Data.db (0.048KiB) for commitlog position CommitLogPosition(segmentId=1761051747398, position=539654)
INFO  [ScheduledTasks:1] 2025-10-21 14:02:36,900 ColumnFamilyStore.java:1012 - Enqueuing flush of system_schema.dropped_columns, Reason: MEMTABLE_PERIOD_EXPIRED, Usage: 1.204KiB (0%) on-heap, 0.000KiB (0%) off-heap
INFO  [PerDiskMemtableFlushWriter_0:4] 2025-10-21 14:02:36,910 Flushing.java:145 - Writing Memtable-dropped_columns@771380431(0.120KiB serialized bytes, 3 ops, 1.204KiB (0%) on-heap, 0.000KiB (0%) off-heap), flushed range = [min(-9223372036854775808), max(9223372036854775807))
INFO  [PerDiskMemtableFlushWriter_0:4] 2025-10-21 14:02:36,911 Flushing.java:171 - Completed flushing /var/lib/cassandra/data/system_schema/dropped_columns-5e7583b5f3f43af19a39b7e1d6f5f11f/nb-18-big-Data.db (0.097KiB) for commitlog position CommitLogPosition(segmentId=1761051747398, position=539662)
INFO  [ScheduledTasks:1] 2025-10-21 14:02:36,980 ColumnFamilyStore.java:1012 - Enqueuing flush of system_schema.views, Reason: MEMTABLE_PERIOD_EXPIRED, Usage: 0.604KiB (0%) on-heap, 0.000KiB (0%) off-heap
INFO  [PerDiskMemtableFlushWriter_0:3] 2025-10-21 14:02:36,988 Flushing.java:145 - Writing Memtable-views@1358604714(0.016KiB serialized bytes, 2 ops, 0.604KiB (0%) on-heap, 0.000KiB (0%) off-heap), flushed range = [min(-9223372036854775808), max(9223372036854775807))
INFO  [PerDiskMemtableFlushWriter_0:3] 2025-10-21 14:02:36,988 Flushing.java:171 - Completed flushing /var/lib/cassandra/data/system_schema/views-9786ac1cdd583201a7cdad556410c985/nb-18-big-Data.db (0.048KiB) for commitlog position CommitLogPosition(segmentId=1761051747398, position=539662)
INFO  [ScheduledTasks:1] 2025-10-21 14:02:37,040 ColumnFamilyStore.java:1012 - Enqueuing flush of system_schema.types, Reason: MEMTABLE_PERIOD_EXPIRED, Usage: 0.604KiB (0%) on-heap, 0.000KiB (0%) off-heap
INFO  [PerDiskMemtableFlushWriter_0:4] 2025-10-21 14:02:37,049 Flushing.java:145 - Writing Memtable-types@1258007352(0.016KiB serialized bytes, 2 ops, 0.604KiB (0%) on-heap, 0.000KiB (0%) off-heap), flushed range = [min(-9223372036854775808), max(9223372036854775807))
INFO  [PerDiskMemtableFlushWriter_0:4] 2025-10-21 14:02:37,050 Flushing.java:171 - Completed flushing /var/lib/cassandra/data/system_schema/types-5a8b1ca866023f77a0459273d308917a/nb-18-big-Data.db (0.048KiB) for commitlog position CommitLogPosition(segmentId=1761051747398, position=539662)
INFO  [ScheduledTasks:1] 2025-10-21 14:02:37,085 ColumnFamilyStore.java:1012 - Enqueuing flush of system_schema.functions, Reason: MEMTABLE_PERIOD_EXPIRED, Usage: 0.604KiB (0%) on-heap, 0.000KiB (0%) off-heap
INFO  [PerDiskMemtableFlushWriter_0:3] 2025-10-21 14:02:37,092 Flushing.java:145 - Writing Memtable-functions@373581326(0.016KiB serialized bytes, 2 ops, 0.604KiB (0%) on-heap, 0.000KiB (0%) off-heap), flushed range = [min(-9223372036854775808), max(9223372036854775807))
INFO  [PerDiskMemtableFlushWriter_0:3] 2025-10-21 14:02:37,093 Flushing.java:171 - Completed flushing /var/lib/cassandra/data/system_schema/functions-96489b7980be3e14a70166a0b9159450/nb-18-big-Data.db (0.048KiB) for commitlog position CommitLogPosition(segmentId=1761051747398, position=539662)
INFO  [ScheduledTasks:1] 2025-10-21 14:02:37,135 ColumnFamilyStore.java:1012 - Enqueuing flush of system_schema.aggregates, Reason: MEMTABLE_PERIOD_EXPIRED, Usage: 0.604KiB (0%) on-heap, 0.000KiB (0%) off-heap
INFO  [PerDiskMemtableFlushWriter_0:4] 2025-10-21 14:02:37,145 Flushing.java:145 - Writing Memtable-aggregates@471694445(0.016KiB serialized bytes, 2 ops, 0.604KiB (0%) on-heap, 0.000KiB (0%) off-heap), flushed range = [min(-9223372036854775808), max(9223372036854775807))
INFO  [PerDiskMemtableFlushWriter_0:4] 2025-10-21 14:02:37,145 Flushing.java:171 - Completed flushing /var/lib/cassandra/data/system_schema/aggregates-924c55872e3a345bb10c12f37c1ba895/nb-18-big-Data.db (0.048KiB) for commitlog position CommitLogPosition(segmentId=1761051747398, position=539662)
INFO  [ScheduledTasks:1] 2025-10-21 14:02:37,189 ColumnFamilyStore.java:1012 - Enqueuing flush of system_schema.indexes, Reason: MEMTABLE_PERIOD_EXPIRED, Usage: 1.214KiB (0%) on-heap, 0.000KiB (0%) off-heap
INFO  [PerDiskMemtableFlushWriter_0:3] 2025-10-21 14:02:37,197 Flushing.java:145 - Writing Memtable-indexes@687707839(0.200KiB serialized bytes, 3 ops, 1.214KiB (0%) on-heap, 0.000KiB (0%) off-heap), flushed range = [min(-9223372036854775808), max(9223372036854775807))
INFO  [PerDiskMemtableFlushWriter_0:3] 2025-10-21 14:02:37,197 Flushing.java:171 - Completed flushing /var/lib/cassandra/data/system_schema/indexes-0feb57ac311f382fba6d9024d305702f/nb-18-big-Data.db (0.191KiB) for commitlog position CommitLogPosition(segmentId=1761051747398, position=539662)
INFO  [ScheduledTasks:1] 2025-10-21 14:02:40,007 ColumnFamilyStore.java:1012 - Enqueuing flush of system.size_estimates, Reason: MEMTABLE_PERIOD_EXPIRED, Usage: 77.083KiB (0%) on-heap, 0.000KiB (0%) off-heap
INFO  [PerDiskMemtableFlushWriter_0:4] 2025-10-21 14:02:40,015 Flushing.java:145 - Writing Memtable-size_estimates@855039293(11.984KiB serialized bytes, 1440 ops, 77.083KiB (0%) on-heap, 0.000KiB (0%) off-heap), flushed range = [min(-9223372036854775808), max(9223372036854775807))
INFO  [PerDiskMemtableFlushWriter_0:4] 2025-10-21 14:02:40,019 Flushing.java:171 - Completed flushing /var/lib/cassandra/data/system/size_estimates-618f817b005f3678b8a453f3930b8e86/nb-19-big-Data.db (9.392KiB) for commitlog position CommitLogPosition(segmentId=1761051747398, position=539662)
INFO  [ScheduledTasks:1] 2025-10-21 14:02:40,425 ColumnFamilyStore.java:1012 - Enqueuing flush of system.table_estimates, Reason: MEMTABLE_PERIOD_EXPIRED, Usage: 251.774KiB (0%) on-heap, 0.000KiB (0%) off-heap
INFO  [PerDiskMemtableFlushWriter_0:3] 2025-10-21 14:02:40,437 Flushing.java:145 - Writing Memtable-table_estimates@1200027890(25.891KiB serialized bytes, 2880 ops, 251.774KiB (0%) on-heap, 0.000KiB (0%) off-heap), flushed range = [min(-9223372036854775808), max(9223372036854775807))
INFO  [PerDiskMemtableFlushWriter_0:3] 2025-10-21 14:02:40,444 Flushing.java:171 - Completed flushing /var/lib/cassandra/data/system/table_estimates-176c39cdb93d33a5a2188eb06a56f66e/nb-19-big-Data.db (21.685KiB) for commitlog position CommitLogPosition(segmentId=1761051747398, position=539662)
INFO  [IndexSummaryManager:1] 2025-10-21 14:02:40,684 IndexSummaryRedistribution.java:87 - Redistributing index summaries
INFO  [IndexSummaryManager:1] 2025-10-21 14:02:40,685 IndexSummaryRedistribution.java:98 - Beginning redistribution of index summaries for 42 sstables with memory pool size 151 MiB; current spaced used is 0.004314422607421875 MiB
INFO  [IndexSummaryManager:1] 2025-10-21 14:02:40,688 IndexSummaryRedistribution.java:250 - index summaries: downsample: 0, force resample: 0, upsample: 0, force upsample: 0
INFO  [IndexSummaryManager:1] 2025-10-21 14:02:40,694 IndexSummaryRedistribution.java:137 - Completed resizing of index summaries; current approximate memory used: 0.004314422607421875 MiB, time spent: 10ms
